15
322
50050000
5050
1147516
366266
417703
8450411
95712
4687
335527
259
2137
710
4988646
292252
1821058
175858
1793172
1743159
1120981
1214233
4443
1415409
201631
1250462
1376326
966923
958626
1373572
7650989
306752
343556
1456728
320566
1855613
2160989
2988932
954935
774603
5998875
837390
1504246
44342
3748772
3574414
211032
5480454
18551120
1379478
6036
8885349
2107831
2947790
6749227
725403
1617660
5671
231847
1194393
2699504
108910
1870097
787062
245063
1350464
788733
20493
25946
11243502
9917435
1018168
1624738
1574342
107
7989621
324402
1960549
4811003
5338920
1791566
105551
1675305
783505
411305
2393129
2135312
1887834
828138
1420
61413
4508861
363006
142448
2640756
1887769
3488319
1434253
3958948
1940776
7959
1728050
2824276
386654
61489
291694
1693482
151733
378350
3483697
6675291
183200
15919854
600748
3223638
10660200
4258998
3209889
25330
1550107
9636426
2049833
1525096
8006396
18641238
934063
2280547
1033400
14872855
5172349
7025484
7525355
457073
249367
118104
1912072
2454868
36290
2041312
7739014
1819638
4467987
4595572
322507
20915
2483396
963983
3009269
39863
4053065
691686
10861286
206858
18100
1513512
1321767
66692
179661
522484
1562338
66700
1742356
254806
930715
1311335
284461
494937
12877976
186138
11446082
2689119
384985
5075623
911538
811055
2497220
21879
4258894
395926
225607
431
1376920
98764
15849
673874
4994658
19541329
1294779
7176916
1741769
2776618
257463
287320
3655974
5021676
34548
785790
538707
751146
9157556
5810008
161589
38274
6911146
2615
1798278
3019947
2456405
985644
788637
2871371
704654
1038117
2141546
1841212
272285
547712
4028244
373402
1667039
2380503
102151
60159
3009181
211995
1239958
123730
17418045
3018003
2902426
2126579
1437140
666033
1423438
417200
899594
901457
4424289
11351388
1315278
170333
1182635
1959315
1057819
1933335
120913
35559
90537
815107
8664355
37455
72208
52673
2815416
397119
3969738
746544
2087251
1124153
484221
33
1696440
438614
412882
2718716
3909721
63721
880661
76562
1244436
508717
2588696
2611926
1398336
782426
383926
376457
2065560
12403643
1598072
1211525
1528266
2696906
1070578
549711
168002
1924694
9985868
518329
2975937
630681
3577786
1877280
1737279
721581
528604
5194
1632275
623016
160642
1313061
46361
1334260
3701199
12268729
902593
886
11164039
1844673
954535
72306
794292
1558474
3424568
105729
414352
87453
1698072
348881
4143521
177664
2091993
53250
23874
1289199
18273989
548712
1985
810470
3462254
240192
3416
2536014
1824417
759456
376892
430399
2247709
8005360
1611604
26617
4935427
3348367
126506
26436
118627
989705
990797
250268
3770212
975575
2055808
1958293
475424
62100
294045
10928540
7743411
84906
141385
4240927
10462
1069853
676383
406
72773
7983360
74462
754667
3085799
4719340
11044309
806036
274635
1871281
2410927
8288501
104340
7833
7656074
1744296
9898701
295771
1089625
2037316
7353326
3526057
2753152
174744
710760
211757
6177
569682
36119
2787097
1530350
1200754
184241
4075380
2445025
740800
228479
127634
1865192
691632
112820
996906
511819
49586
859353
21345912
492007
748169
12288528
89409
325434
89354
1940539
4368423
1359563
353323
152750
1305188
6515078
1959713
855267
377749
138016
114
30896
125154
36835
119950
935865
2064546
16444444
606388
1428160
2039801
23391
270070
5385983
207784
5447
289360
81912
705
131727
4917384
1927548
605633
1849012
2610464
2946358
2003994
3308136
516341
1274796
1583955
647808
467072
323930
1466331
303362
408640
2242731
294843
516158
1306405
4990974
3798075
16101
2073162
726999
86889
2832685
845
139349
923033
176
3410756
514240
1231524
146790
749158
872573
7791020
102
647044
867542
61125
1004016
1556015
3876
240782
3237228
4183921
1346777
3440080
11424379
36641
892798
2246625
1380720
15034
3504979
13109610
228358
1716625
2501027
3307850
438509
44176
1475141
998439
24799
819984
5367425
2063262
7525992
1442207
551947
4747899
8232664
2962050
3546453
136269
396603
2153989
1127208
162481
2292705
98915
137860
243699
709427
931868
546618
79598
1633509
5196833
7228
746524
3928570
242835
3600426
5278
1895958
27
1365826
8252567
99533
2209012
15133
1247029
6400717
1084598
948229
1407594
9129658
1323028
519683
677563
444
984634
192245
3962
1045300
114404
2628461
1304227
301854
2857172
1694716
226496
238
1159038
180231
941019
192541
976294
1048262
3314312
169168
78503
219
1845090
4253231
6724746
6745591
192964
3572903
1837
15712155
3132445
3830205
150
11500294
4957674
1028
584385
3451067
4101556
5745242
2821734
13187
4580460
4041325
248
23994309
1964209
31142
215069
208868
64453
84258
1490412
2331600
1289716
158794
80218
5763370
13104
782528
3580810
1420625
1159887
260695
216941
6045319
367937
2172542
78606
275617
1945883
11776181
41447
1106431
442892
1138762
285830
3066250
36842
1720764
6497
1934400
70056
587338
867749
1110665
1786782
10529460
1986666
26789
343507
9508
3240
333485
3967239
3924028
981531
1244
9334658
2375129
11386
361421
201584
2328131
3221797
1173081
3482217
45450
201438
3317271
2894956
17907
2869
190141
4246093
6668745
96
3284190
122353
2713240
1629
954392
3339442
1219540
3602989
19792666
1229833
2334011
3584605
3632788
472680
494955
3027898
2877687
14326697
9877
1824
41531
1765872
955693
29216
673115
185902
547767
1225390
133182
202942
799023
5697139
118376
824628
447131
1707943
198148
16495200
1328701
114146
1556972
1406945
390827
12646505
146387
2503647
36976
2695848
391
2525441
179132
281190
1137822
4718440
6835169
3863156
1699754
597678
69195
1595409
2667695
1981932
195
80869
2427060
2567697
2692993
2858348
1691617
1937912
5740
1626805
2167927
502675
105494
335073
3412405
1960919
1606689
808
69882
4671132
1795003
473782
186879
3064422
191591
2535809
816375
3191070
1915590
971989
3867547
1414183
122276
764383
3587
913
624842
3534771
1766178
103638
192303
374350
3788745
4005031
72145
15257
2038972
22346525
328601
78891
822755
162179
7055
193933
564485
32524
422683
144418
3218842
76595
420126
125791
1237565
9036792
35496
752315
315156
1104259
3428243
1623504
1871325
12607
1690885
1258850
3314
568409
2904216
3262
478048
2505019
45220
90916
686385
3759034
68908
4079861
385373
1510081
24122
21476
782792
37639
13984
819108
3463
2137381
2204767
5311940
1530810
1559163
766474
747839
2624616
2745569
5419044
2086629
717908
15031
3797865
344373
1319720
154815
141846
386672
874175
271509
11005
2965859
6232482
804554
1287134
866758
761359
292
1671613
9982068
323268
4076605
503654
28667
165586
1247592
1315196
1788856
109510
4566909
1117847
4817352
932976
2239411
2040677
1316777
1628249
5521460
486750
324064
262330
18303
49666
65465
154920
610148
43218
27242040
342581
4078234
125492
4953407
3869277
503953
10541074
2624765
5496330
946307
3064648
29800
41770
1759855
1775408
2318658
10709907
5049344
8913126
548995
478007
4467491
1343581
251790
60295
1603494
1415725
797197
235365
2321190
3120661
1453624
184
2099509
381717
11973435
1948456
1732613
1660339
886656
1070264
51077
4712701
1045899
258748
5631533
1916489
29800
4177992
75513
178627
1619939
1230
2042488
4595528
4241
2221770
529257
10076
7929
2696280
2252721
722743
46908
5157820
12047
562
1915
479736
3583327
2423558
1362622
4060962
25794
582543
3163011
3251197
3207724
886525
5261331
1811269
2700310
1379791
141726
340595
70793
938490
5681228
60402
6715317
2737362
496524
945308
1757
1152252
44628
5317754
686886
353333
10003
1102391
1246852
747471
2010276
161892
3018608
8299889
