Race 1:
ROSS SHELLY 3.500
JONES ALLISON 5.500
JONES BOB 5.500

Race 2:
ADAMS JOHN 8.000
WASHINGTON GEORGE 8.000

Race 3:
F A 8.872
Q A 8.872
R A 8.872
W A 8.872
Y A 8.872
Z A 8.872
Z B 8.872
Z C 8.872
Z D 8.872
Z E 8.872

Race 4:
Z A 8.872
Z D 8.872
Q A 8.872
R A 8.872
F A 8.872
W A 8.872
Y A 8.872
Z E 8.872
Z B 8.872
Z C 8.872

Race 5:
Z A 8.872
R A 8.872
F A 8.872
Q A 8.872
W A 8.872
Y A 8.872
Z B 8.872
Z D 8.872
Z E 8.872
Z C 8.872

Race 6:
Z C 8.822
Z A 8.872
R A 8.872
F A 8.872
Q A 8.872
W A 8.872
Y A 8.872
Z B 8.872
Z D 8.872
Z E 8.872

Race 7:
Z C 8.822
R A 8.829
F A 8.851
Z D 8.863
Z A 8.872
W A 8.872
Z E 8.881
Z B 8.894
Y A 8.915
Q A 8.923

Race 8:
W A 8.857
F A 8.862
Q A 8.867
Y A 8.868
Z B 8.870
Z C 8.870
Z E 8.871
R A 8.872
Z A 8.872
Z D 8.872

