1100
73000
70000
80000
80000
80000
10300705
9468763
10193236
10371080
9451003
10596081
10178974
8990863
10216760
10381201
9131210
10012170
9795534
9982642
9798202
9927983
10751129
9686703
9489695
10134427
9026488
10182022
9766123
9610326
9454524
9336207
9494942
9662707
9424064
9461192
9602746
9053136
10057102
10139992
9995205
8977056
9051248
9790491
9717619
9264943
9904835
9818062
9438893
9908885
9902787
9619807
9935090
10143942
10888993
10400114
10391401
11176305
9810882
8940801
8695717
9726554
9729005
10144604
9417917
9357014
9192082
9316892
8811294
10310234
10591185
9975899
10616667
10232306
9703197
9399281
10521896
9721150
9378868
10081120
10277562
10050229
9755226
10198417
10296111
8923891
9496192
9685301
8529544
9957677
9759272
10554731
9328031
9256316
10128200
9087026
10276564
10440345
10042334
9715444
