4 1
0 0
1000 0
0 0
1000 0
997 4
998 4
998 3
998 2
998 1
998 2
998 3
998 3
997 3
2 6
10 0
6 7
6 6
6 11
501 63000
580 52373
627 54495
724 195143
737 142287
510 11152
638 62093
699 185588
670 135249
918 384566
533 7969
700 75821
584 93047
838 32055
553 8271
942 281641
687 101401
512 12605
537 19045
539 42948
584 44300
864 117560
817 71736
956 251161
611 27515
930 294491
883 229019
757 208790
986 133254
749 140439
547 48718
915 340450
535 30517
761 174338
676 167725
511 22524
789 133761
804 232537
521 11882
654 92744
584 69926
756 100138
632 33051
539 16773
622 46778
595 84687
620 27214
602 38526
489 13306
654 29884
571 53278
733 45293
556 43949
619 12234
600 42242
882 269797
602 94111
777 55213
945 356285
756 151253
601 49667
922 91279
841 330349
610 30395
765 100784
950 140330
600 55866
523 8983
704 95492
656 94455
562 16284
553 35608
690 73614
739 178612
519 20653
588 17385
788 179978
827 63208
701 64773
640 22525
667 70137
579 10289
963 50807
529 10520
902 214179
702 48702
627 139830
679 127053
566 55595
561 13985
639 139623
1000 499500
1000 998001
500 62500
586 86000
