AAAA
AABA
AACA
AADA
AAEA
AAFA
AAGA
AAHA
AAIA
AAJA
AAKA
AALA
AAMA
AANA
AAOA
ABAA
ABBA
ABCA
ABDA
ABEA
ABFA
ABGA
ABHA
ABIA
ABJA
ABKA
ABLA
ABMA
ABNA
ABOA
ACAA
ACBA
ACCA
ACDA
ACEA
ACFA
ACGA
ACHA
ACIA
ACJA
ACKA
ACLA
ACMA
ACNA
ACOA
ADAA
ADBA
ADCA
ADDA
ADEA
ADFA
ADGA
ADHA
ADIA
ADJA
ADKA
ADLA
ADMA
ADNA
ADOA
AEAA
AEBA
AECA
AEDA
AEEA
AEFA
AEGA
AEHA
AEIA
AEJA
AEKA
AELA
AEMA
AENA
AEOA
AFAA
AFBA
AFCA
AFDA
AFEA
AFFA
AFGA
AFHA
AFIA
AFJA
AFKA
AFLA
AFMA
AFNA
AFOA
AGAA
AGBA
AGCA
AGDA
AGEA
AGFA
AGGA
AGHA
AGIA
AGJA
AGKA
AGLA
AGMA
AGNA
AGOA
AHAA
AHBA
AHCA
AHDA
AHEA
AHFA
AHGA
AHHA
AHIA
AHJA
AHKA
AHLA
AHMA
AHNA
AHOA
AIAA
AIBA
AICA
AIDA
AIEA
AIFA
AIGA
AIHA
AIIA
AIJA
AIKA
AILA
AIMA
AINA
AIOA
AJAA
AJBA
AJCA
AJDA
AJEA
AJFA
AJGA
AJHA
AJIA
AJJA
AJKA
AJLA
AJMA
AJNA
AJOA
AKAA
AKBA
AKCA
AKDA
AKEA
AKFA
AKGA
AKHA
AKIA
AKJA
AKKA
AKLA
AKMA
AKNA
AKOA
ALAA
ALBA
ALCA
ALDA
ALEA
ALFA
ALGA
ALHA
ALIA
ALJA
ALKA
ALLA
ALMA
ALNA
ALOA
AMAA
AMBA
AMCA
AMDA
AMEA
AMFA
AMGA
AMHA
AMIA
AMJA
AMKA
AMLA
AMMA
AMNA
AMOA
ANAA
ANBA
ANCA
ANDA
ANEA
ANFA
ANGA
ANHA
ANIA
ANJA
ANKA
ANLA
ANMA
ANNA
ANOA
AOAA
AOBA
AOCA
AODA
AOEA
AOFA
AOGA
AOHA
AOIA
AOJA
AOKA
AOLA
AOMA
AONA
AOOA
APAA
APBA
APCA
APDA
APEA
APFA
APGA
APHA
APIA
APJA
APKA
APLA
APMA
APNA
APOA
AQAA
AQBA
AQCA
AQDA
AQEA
AQFA
AQGA
AQHA
AQIA
AQJA
AQKA
AQLA
AQMA
AQNA
AQOA
ARAA
ARBA
ARCA
ARDA
AREA
ARFA
ARGA
ARHA
ARIA
ARJA
ARKA
ARLA
ARMA
ARNA
AROA
ASAA
ASBA
ASCA
ASDA
ASEA
ASFA
ASGA
ASHA
ASIA
ASJA
ASKA
ASLA
ASMA
ASNA
ASOA
ATAA
ATBA
ATCA
ATDA
ATEA
ATFA
ATGA
ATHA
ATIA
ATJA
ATKA
ATLA
ATMA
ATNA
ATOA
AUAA
AUBA
AUCA
AUDA
AUEA
AUFA
AUGA
AUHA
AUIA
AUJA
AUKA
AULA
AUMA
AUNA
AUOA
AVAA
AVBA
AVCA
AVDA
AVEA
AVFA
AVGA
AVHA
AVIA
AVJA
AVKA
AVLA
AVMA
AVNA
AWAA
AWBA
AWCA
AWDA
AWEA
AWFA
AWGA
AWHA
AWIA
AWJA
AWKA
AWLA
AWMA
AWNA
AXAA
AXBA
AXCA
AXDA
AXEA
AXFA
AXGA
AXHA
AXIA
AXJA
AXKA
AXLA
AXMA
AXNA
AYAA
AYBA
AYCA
AYDA
AYEA
AYFA
AYGA
AYHA
AYIA
AYJA
AYKA
AYLA
AYMA
AYNA
AZAA
AZBA
AZCA
AZDA
AZEA
AZFA
AZGA
AZHA
AZIA
AZJA
AZKA
AZLA
AZMA
AZNA
BAAA
BABA
BACA
BADA
BAEA
BAFA
BAGA
BAHA
BAIA
BAJA
BAKA
BALA
BAMA
BANA
BAOA
BBAA
BBBA
BBCA
BBDA
BBEA
BBFA
BBGA
BBHA
BBIA
BBJA
BBKA
BBLA
BBMA
BBNA
BBOA
BCAA
BCBA
BCCA
BCDA
BCEA
BCFA
BCGA
BCHA
BCIA
BCJA
BCKA
BCLA
BCMA
BCNA
BCOA
BDAA
BDBA
BDCA
BDDA
BDEA
BDFA
BDGA
BDHA
BDIA
BDJA
BDKA
BDLA
BDMA
BDNA
BDOA
BEAA
BEBA
BECA
BEDA
BEEA
BEFA
BEGA
BEHA
BEIA
BEJA
BEKA
BELA
BEMA
BENA
BEOA
BFAA
BFBA
BFCA
BFDA
BFEA
BFFA
BFGA
BFHA
BFIA
BFJA
BFKA
BFLA
BFMA
BFNA
BFOA
BGAA
BGBA
BGCA
BGDA
BGEA
BGFA
BGGA
BGHA
BGIA
BGJA
BGKA
BGLA
BGMA
BGNA
BGOA
BHAA
BHBA
BHCA
BHDA
BHEA
BHFA
BHGA
BHHA
BHIA
BHJA
BHKA
BHLA
BHMA
BHNA
BHOA
BIAA
BIBA
BICA
BIDA
BIEA
BIFA
BIGA
BIHA
BIIA
BIJA
BIKA
BILA
BIMA
BINA
BIOA
BJAA
BJBA
BJCA
BJDA
BJEA
BJFA
BJGA
BJHA
BJIA
BJJA
BJKA
BJLA
BJMA
BJNA
BJOA
BKAA
BKBA
BKCA
BKDA
BKEA
BKFA
BKGA
BKHA
BKIA
BKJA
BKKA
BKLA
BKMA
BKNA
BKOA
BLAA
BLBA
BLCA
BLDA
BLEA
BLFA
BLGA
BLHA
BLIA
BLJA
BLKA
BLLA
BLMA
BLNA
BLOA
BMAA
BMBA
BMCA
BMDA
BMEA
BMFA
BMGA
BMHA
BMIA
BMJA
BMKA
BMLA
BMMA
BMNA
BMOA
BNAA
BNBA
BNCA
BNDA
BNEA
BNFA
BNGA
BNHA
BNIA
BNJA
BNKA
BNLA
BNMA
BNNA
BNOA
BOAA
BOBA
BOCA
BODA
BOEA
BOFA
BOGA
BOHA
BOIA
BOJA
BOKA
BOLA
BOMA
BONA
BOOA
BPAA
BPBA
BPCA
BPDA
BPEA
BPFA
BPGA
BPHA
BPIA
BPJA
BPKA
BPLA
BPMA
BPNA
BPOA
BQAA
BQBA
BQCA
BQDA
BQEA
BQFA
BQGA
BQHA
BQIA
BQJA
BQKA
BQLA
BQMA
BQNA
BQOA
BRAA
BRBA
BRCA
BRDA
BREA
BRFA
BRGA
BRHA
BRIA
BRJA
BRKA
BRLA
BRMA
BRNA
BROA
BSAA
BSBA
BSCA
BSDA
BSEA
BSFA
BSGA
BSHA
BSIA
BSJA
BSKA
BSLA
BSMA
BSNA
BSOA
BTAA
BTBA
BTCA
BTDA
BTEA
BTFA
BTGA
BTHA
BTIA
BTJA
BTKA
BTLA
BTMA
BTNA
BTOA
BUAA
BUBA
BUCA
BUDA
BUEA
BUFA
BUGA
BUHA
BUIA
BUJA
BUKA
BULA
BUMA
BUNA
BUOA
BVAA
BVBA
BVCA
BVDA
BVEA
BVFA
BVGA
BVHA
BVIA
BVJA
BVKA
BVLA
BVMA
BVNA
BWAA
BWBA
BWCA
BWDA
BWEA
BWFA
BWGA
BWHA
BWIA
BWJA
BWKA
BWLA
BWMA
BWNA
BXAA
BXBA
BXCA
BXDA
BXEA
BXFA
BXGA
BXHA
BXIA
BXJA
BXKA
BXLA
BXMA
BXNA
BYAA
BYBA
BYCA
BYDA
BYEA
BYFA
BYGA
BYHA
BYIA
BYJA
BYKA
BYLA
BYMA
BYNA
BZAA
BZBA
BZCA
BZDA
BZEA
BZFA
BZGA
BZHA
BZIA
BZJA
BZKA
BZLA
BZMA
BZNA
CAAA
CABA
CACA
CADA
CAEA
CAFA
CAGA
CAHA
CAIA
CAJA
CAKA
CALA
CAMA
CANA
CAOA
CBAA
CBBA
CBCA
CBDA
CBEA
CBFA
CBGA
CBHA
CBIA
CBJA
CBKA
CBLA
CBMA
CBNA
CBOA
CCAA
CCBA
CCCA
CCDA
CCEA
CCFA
CCGA
CCHA
CCIA
CCJA
CCKA
CCLA
CCMA
CCNA
CCOA
CDAA
CDBA
CDCA
CDDA
CDEA
CDFA
CDGA
CDHA
CDIA
CDJA
CDKA
CDLA
CDMA
CDNA
CDOA
CEAA
CEBA
CECA
CEDA
CEEA
CEFA
CEGA
CEHA
CEIA
CEJA
CEKA
CELA
CEMA
CENA
CEOA
CFAA
CFBA
CFCA
CFDA
CFEA
CFFA
CFGA
CFHA
CFIA
CFJA
CFKA
CFLA
CFMA
CFNA
CFOA
CGAA
CGBA
CGCA
CGDA
CGEA
CGFA
CGGA
CGHA
CGIA
CGJA
CGKA
CGLA
CGMA
CGNA
CGOA
CHAA
CHBA
CHCA
CHDA
CHEA
CHFA
CHGA
CHHA
CHIA
CHJA
CHKA
CHLA
CHMA
CHNA
CHOA
CIAA
CIBA
CICA
CIDA
CIEA
CIFA
CIGA
CIHA
CIIA
CIJA
CIKA
CILA
CIMA
CINA
CIOA
CJAA
CJBA
CJCA
CJDA
CJEA
CJFA
CJGA
CJHA
CJIA
CJJA
CJKA
CJLA
CJMA
CJNA
CJOA
CKAA
CKBA
CKCA
CKDA
CKEA
CKFA
CKGA
CKHA
CKIA
CKJA
CKKA
CKLA
CKMA
CKNA
CKOA
CLAA
CLBA
CLCA
CLDA
CLEA
CLFA
CLGA
CLHA
CLIA
CLJA
CLKA
CLLA
CLMA
CLNA
CLOA
CMAA
CMBA
CMCA
CMDA
CMEA
CMFA
CMGA
CMHA
CMIA
CMJA
CMKA
CMLA
CMMA
CMNA
CMOA
CNAA
CNBA
CNCA
CNDA
CNEA
CNFA
CNGA
CNHA
CNIA
CNJA
CNKA
CNLA
CNMA
CNNA
CNOA
COAA
COBA
COCA
CODA
COEA
COFA
COGA
COHA
COIA
COJA
COKA
COLA
COMA
CONA
COOA
CPAA
CPBA
CPCA
CPDA
CPEA
CPFA
CPGA
CPHA
CPIA
CPJA
CPKA
CPLA
CPMA
CPNA
CPOA
CQAA
CQBA
CQCA
CQDA
CQEA
CQFA
CQGA
CQHA
CQIA
CQJA
CQKA
CQLA
CQMA
CQNA
CQOA
CRAA
CRBA
CRCA
CRDA
CREA
CRFA
CRGA
CRHA
CRIA
CRJA
CRKA
CRLA
CRMA
CRNA
CROA
CSAA
CSBA
CSCA
CSDA
CSEA
CSFA
CSGA
CSHA
CSIA
CSJA
CSKA
CSLA
CSMA
CSNA
CSOA
CTAA
CTBA
CTCA
CTDA
CTEA
CTFA
CTGA
CTHA
CTIA
CTJA
CTKA
CTLA
CTMA
CTNA
CTOA
CUAA
CUBA
CUCA
CUDA
CUEA
CUFA
CUGA
CUHA
CUIA
CUJA
CUKA
CULA
CUMA
CUNA
CUOA
CVAA
CVBA
CVCA
CVDA
CVEA
CVFA
CVGA
CVHA
CVIA
CVJA
CVKA
CVLA
CVMA
CVNA
CWAA
CWBA
CWCA
CWDA
CWEA
CWFA
CWGA
CWHA
CWIA
CWJA
CWKA
CWLA
CWMA
CWNA
CXAA
CXBA
CXCA
CXDA
CXEA
CXFA
CXGA
CXHA
CXIA
CXJA
CXKA
CXLA
CXMA
CXNA
CYAA
CYBA
CYCA
CYDA
CYEA
CYFA
CYGA
CYHA
CYIA
CYJA
CYKA
CYLA
CYMA
CYNA
CZAA
CZBA
CZCA
CZDA
CZEA
CZFA
CZGA
CZHA
CZIA
CZJA
CZKA
CZLA
CZMA
CZNA
DAAA
DABA
DACA
DADA
DAEA
DAFA
DAGA
DAHA
DAIA
DAJA
DAKA
DALA
DAMA
DANA
DAOA
DBAA
DBBA
DBCA
DBDA
DBEA
DBFA
DBGA
DBHA
DBIA
DBJA
DBKA
DBLA
DBMA
DBNA
DBOA
DCAA
DCBA
DCCA
DCDA
DCEA
DCFA
DCGA
DCHA
DCIA
DCJA
DCKA
DCLA
DCMA
DCNA
DCOA
DDAA
DDBA
DDCA
DDDA
DDEA
DDFA
DDGA
DDHA
DDIA
DDJA
DDKA
DDLA
DDMA
DDNA
DDOA
DEAA
DEBA
DECA
DEDA
DEEA
DEFA
DEGA
DEHA
DEIA
DEJA
DEKA
DELA
DEMA
DENA
DEOA
DFAA
DFBA
DFCA
DFDA
DFEA
DFFA
DFGA
DFHA
DFIA
DFJA
DFKA
DFLA
DFMA
DFNA
DFOA
DGAA
DGBA
DGCA
DGDA
DGEA
DGFA
DGGA
DGHA
DGIA
DGJA
DGKA
DGLA
DGMA
DGNA
DGOA
DHAA
DHBA
DHCA
DHDA
DHEA
DHFA
DHGA
DHHA
DHIA
DHJA
DHKA
DHLA
DHMA
DHNA
DHOA
DIAA
DIBA
DICA
DIDA
DIEA
DIFA
DIGA
DIHA
DIIA
DIJA
DIKA
DILA
DIMA
DINA
DIOA
DJAA
DJBA
DJCA
DJDA
DJEA
DJFA
DJGA
DJHA
DJIA
DJJA
DJKA
DJLA
DJMA
DJNA
DJOA
DKAA
DKBA
DKCA
DKDA
DKEA
DKFA
DKGA
DKHA
DKIA
DKJA
DKKA
DKLA
DKMA
DKNA
DKOA
DLAA
DLBA
DLCA
DLDA
DLEA
DLFA
DLGA
DLHA
DLIA
DLJA
DLKA
DLLA
DLMA
DLNA
DLOA
DMAA
DMBA
DMCA
DMDA
DMEA
DMFA
DMGA
DMHA
DMIA
DMJA
DMKA
DMLA
DMMA
DMNA
DMOA
DNAA
DNBA
DNCA
DNDA
DNEA
DNFA
DNGA
DNHA
DNIA
DNJA
DNKA
DNLA
DNMA
DNNA
DNOA
DOAA
DOBA
DOCA
DODA
DOEA
DOFA
DOGA
DOHA
DOIA
DOJA
DOKA
DOLA
DOMA
DONA
DOOA
DPAA
DPBA
DPCA
DPDA
DPEA
DPFA
DPGA
DPHA
DPIA
DPJA
DPKA
DPLA
DPMA
DPNA
DPOA
DQAA
DQBA
DQCA
DQDA
DQEA
DQFA
DQGA
DQHA
DQIA
DQJA
DQKA
DQLA
DQMA
DQNA
DQOA
DRAA
DRBA
DRCA
DRDA
DREA
DRFA
DRGA
DRHA
DRIA
DRJA
DRKA
DRLA
DRMA
DRNA
DROA
DSAA
DSBA
DSCA
DSDA
DSEA
DSFA
DSGA
DSHA
DSIA
DSJA
DSKA
DSLA
DSMA
DSNA
DSOA
DTAA
DTBA
DTCA
DTDA
DTEA
DTFA
DTGA
DTHA
DTIA
DTJA
DTKA
DTLA
DTMA
DTNA
DTOA
DUAA
DUBA
DUCA
DUDA
DUEA
DUFA
DUGA
DUHA
DUIA
DUJA
DUKA
DULA
DUMA
DUNA
DUOA
DVAA
DVBA
DVCA
DVDA
DVEA
DVFA
DVGA
DVHA
DVIA
DVJA
DVKA
DVLA
DVMA
DVNA
DWAA
DWBA
DWCA
DWDA
DWEA
DWFA
DWGA
DWHA
DWIA
DWJA
DWKA
DWLA
DWMA
DWNA
DXAA
DXBA
DXCA
DXDA
DXEA
DXFA
DXGA
DXHA
DXIA
DXJA
DXKA
DXLA
DXMA
DXNA
DYAA
DYBA
DYCA
DYDA
DYEA
DYFA
DYGA
DYHA
DYIA
DYJA
DYKA
DYLA
DYMA
DYNA
DZAA
DZBA
DZCA
DZDA
DZEA
DZFA
DZGA
DZHA
DZIA
DZJA
DZKA
DZLA
DZMA
DZNA
EAAA
EABA
EACA
EADA
EAEA
EAFA
EAGA
EAHA
EAIA
EAJA
EAKA
EALA
EAMA
EANA
EAOA
EBAA
EBBA
EBCA
EBDA
EBEA
EBFA
EBGA
EBHA
EBIA
EBJA
EBKA
EBLA
EBMA
EBNA
EBOA
ECAA
ECBA
ECCA
ECDA
ECEA
ECFA
ECGA
ECHA
ECIA
ECJA
ECKA
ECLA
ECMA
ECNA
ECOA
EDAA
EDBA
EDCA
EDDA
EDEA
EDFA
EDGA
EDHA
EDIA
EDJA
EDKA
EDLA
EDMA
EDNA
EDOA
EEAA
EEBA
EECA
EEDA
EEEA
EEFA
EEGA
EEHA
EEIA
EEJA
EEKA
EELA
EEMA
EENA
EEOA
EFAA
EFBA
EFCA
EFDA
EFEA
EFFA
EFGA
EFHA
EFIA
EFJA
EFKA
EFLA
EFMA
EFNA
EFOA
EGAA
EGBA
EGCA
EGDA
EGEA
EGFA
EGGA
EGHA
EGIA
EGJA
EGKA
EGLA
EGMA
EGNA
EGOA
EHAA
EHBA
EHCA
EHDA
EHEA
EHFA
EHGA
EHHA
EHIA
EHJA
EHKA
EHLA
EHMA
EHNA
EHOA
EIAA
EIBA
EICA
EIDA
EIEA
EIFA
EIGA
EIHA
EIIA
EIJA
EIKA
EILA
EIMA
EINA
EIOA
EJAA
EJBA
EJCA
EJDA
EJEA
EJFA
EJGA
EJHA
EJIA
EJJA
EJKA
EJLA
EJMA
EJNA
EJOA
EKAA
EKBA
EKCA
EKDA
EKEA
EKFA
EKGA
EKHA
EKIA
EKJA
EKKA
EKLA
EKMA
EKNA
EKOA
ELAA
ELBA
ELCA
ELDA
ELEA
ELFA
ELGA
ELHA
ELIA
ELJA
ELKA
ELLA
ELMA
ELNA
ELOA
EMAA
EMBA
EMCA
EMDA
EMEA
EMFA
EMGA
EMHA
EMIA
EMJA
EMKA
EMLA
EMMA
EMNA
EMOA
ENAA
ENBA
ENCA
ENDA
ENEA
ENFA
ENGA
ENHA
ENIA
ENJA
ENKA
ENLA
ENMA
ENNA
ENOA
EOAA
EOBA
EOCA
EODA
EOEA
EOFA
EOGA
EOHA
EOIA
EOJA
EOKA
EOLA
EOMA
EONA
EOOA
EPAA
EPBA
EPCA
EPDA
EPEA
EPFA
EPGA
EPHA
EPIA
EPJA
EPKA
EPLA
EPMA
EPNA
EPOA
EQAA
EQBA
EQCA
EQDA
EQEA
EQFA
EQGA
EQHA
EQIA
EQJA
EQKA
EQLA
EQMA
EQNA
EQOA
ERAA
ERBA
ERCA
ERDA
EREA
ERFA
ERGA
ERHA
ERIA
ERJA
ERKA
ERLA
ERMA
ERNA
EROA
ESAA
ESBA
ESCA
ESDA
ESEA
ESFA
ESGA
ESHA
ESIA
ESJA
ESKA
ESLA
ESMA
ESNA
ESOA
ETAA
ETBA
ETCA
ETDA
ETEA
ETFA
ETGA
ETHA
ETIA
ETJA
ETKA
ETLA
ETMA
ETNA
ETOA
EUAA
EUBA
EUCA
EUDA
EUEA
EUFA
EUGA
EUHA
EUIA
EUJA
EUKA
EULA
EUMA
EUNA
EUOA
EVAA
EVBA
EVCA
EVDA
EVEA
EVFA
EVGA
EVHA
EVIA
EVJA
EVKA
EVLA
EVMA
EVNA
EWAA
EWBA
EWCA
EWDA
EWEA
EWFA
EWGA
EWHA
EWIA
EWJA
EWKA
EWLA
EWMA
EWNA
EXAA
EXBA
EXCA
EXDA
EXEA
EXFA
EXGA
EXHA
EXIA
EXJA
EXKA
EXLA
EXMA
EXNA
EYAA
EYBA
EYCA
EYDA
EYEA
EYFA
EYGA
EYHA
EYIA
EYJA
EYKA
EYLA
EYMA
EYNA
EZAA
EZBA
EZCA
EZDA
EZEA
EZFA
EZGA
EZHA
EZIA
EZJA
EZKA
EZLA
EZMA
EZNA
FAAA
FABA
FACA
FADA
FAEA
FAFA
FAGA
FAHA
FAIA
FAJA
FAKA
FALA
FAMA
FANA
FAOA
FBAA
FBBA
FBCA
FBDA
FBEA
FBFA
FBGA
FBHA
FBIA
FBJA
FBKA
FBLA
FBMA
FBNA
FBOA
FCAA
FCBA
FCCA
FCDA
FCEA
FCFA
FCGA
FCHA
FCIA
FCJA
FCKA
FCLA
FCMA
FCNA
FCOA
FDAA
FDBA
FDCA
FDDA
FDEA
FDFA
FDGA
FDHA
FDIA
FDJA
FDKA
FDLA
FDMA
FDNA
FDOA
FEAA
FEBA
FECA
FEDA
FEEA
FEFA
FEGA
FEHA
FEIA
FEJA
FEKA
FELA
FEMA
FENA
FEOA
FFAA
FFBA
FFCA
FFDA
FFEA
FFFA
FFGA
FFHA
FFIA
FFJA
FFKA
FFLA
FFMA
FFNA
FFOA
FGAA
FGBA
FGCA
FGDA
FGEA
FGFA
FGGA
FGHA
FGIA
FGJA
FGKA
FGLA
FGMA
FGNA
FGOA
FHAA
FHBA
FHCA
FHDA
FHEA
FHFA
FHGA
FHHA
FHIA
FHJA
FHKA
FHLA
FHMA
FHNA
FHOA
FIAA
FIBA
FICA
FIDA
FIEA
FIFA
FIGA
FIHA
FIIA
FIJA
FIKA
FILA
FIMA
FINA
FIOA
FJAA
FJBA
FJCA
FJDA
FJEA
FJFA
FJGA
FJHA
FJIA
FJJA
FJKA
FJLA
FJMA
FJNA
FJOA
FKAA
FKBA
FKCA
FKDA
FKEA
FKFA
FKGA
FKHA
FKIA
FKJA
FKKA
FKLA
FKMA
FKNA
FKOA
FLAA
FLBA
FLCA
FLDA
FLEA
FLFA
FLGA
FLHA
FLIA
FLJA
FLKA
FLLA
FLMA
FLNA
FLOA
FMAA
FMBA
FMCA
FMDA
FMEA
FMFA
FMGA
FMHA
FMIA
FMJA
FMKA
FMLA
FMMA
FMNA
FMOA
FNAA
FNBA
FNCA
FNDA
FNEA
FNFA
FNGA
FNHA
FNIA
FNJA
FNKA
FNLA
FNMA
FNNA
FNOA
FOAA
FOBA
FOCA
FODA
FOEA
FOFA
FOGA
FOHA
FOIA
FOJA
FOKA
FOLA
FOMA
FONA
FOOA
FPAA
FPBA
FPCA
FPDA
FPEA
FPFA
FPGA
FPHA
FPIA
FPJA
FPKA
FPLA
FPMA
FPNA
FPOA
FQAA
FQBA
FQCA
FQDA
FQEA
FQFA
FQGA
FQHA
FQIA
FQJA
FQKA
FQLA
FQMA
FQNA
FQOA
FRAA
FRBA
FRCA
FRDA
FREA
FRFA
FRGA
FRHA
FRIA
FRJA
FRKA
FRLA
FRMA
FRNA
FROA
FSAA
FSBA
FSCA
FSDA
FSEA
FSFA
FSGA
FSHA
FSIA
FSJA
FSKA
FSLA
FSMA
FSNA
FSOA
FTAA
FTBA
FTCA
FTDA
FTEA
FTFA
FTGA
FTHA
FTIA
FTJA
FTKA
FTLA
FTMA
FTNA
FTOA
FUAA
FUBA
FUCA
FUDA
FUEA
FUFA
FUGA
FUHA
FUIA
FUJA
FUKA
FULA
FUMA
FUNA
FUOA
FVAA
FVBA
FVCA
FVDA
FVEA
FVFA
FVGA
FVHA
FVIA
FVJA
FVKA
FVLA
FVMA
FVNA
FWAA
FWBA
FWCA
FWDA
FWEA
FWFA
FWGA
FWHA
FWIA
FWJA
FWKA
FWLA
FWMA
FWNA
FXAA
FXBA
FXCA
FXDA
FXEA
FXFA
FXGA
FXHA
FXIA
FXJA
FXKA
FXLA
FXMA
FXNA
FYAA
FYBA
FYCA
FYDA
FYEA
FYFA
FYGA
FYHA
FYIA
FYJA
FYKA
FYLA
FYMA
FYNA
FZAA
FZBA
FZCA
FZDA
FZEA
FZFA
FZGA
FZHA
FZIA
FZJA
FZKA
FZLA
FZMA
FZNA
GAAA
GABA
GACA
GADA
GAEA
GAFA
GAGA
GAHA
GAIA
GAJA
GAKA
GALA
GAMA
GANA
GAOA
GBAA
GBBA
GBCA
GBDA
GBEA
GBFA
GBGA
GBHA
GBIA
GBJA
GBKA
GBLA
GBMA
GBNA
GBOA
GCAA
GCBA
GCCA
GCDA
GCEA
GCFA
GCGA
GCHA
GCIA
GCJA
GCKA
GCLA
GCMA
GCNA
GCOA
GDAA
GDBA
GDCA
GDDA
GDEA
GDFA
GDGA
GDHA
GDIA
GDJA
GDKA
GDLA
GDMA
GDNA
GDOA
GEAA
GEBA
GECA
GEDA
GEEA
GEFA
GEGA
GEHA
GEIA
GEJA
GEKA
GELA
GEMA
GENA
GEOA
GFAA
GFBA
GFCA
GFDA
GFEA
GFFA
GFGA
GFHA
GFIA
GFJA
GFKA
GFLA
GFMA
GFNA
GFOA
GGAA
GGBA
GGCA
GGDA
GGEA
GGFA
GGGA
GGHA
GGIA
GGJA
GGKA
GGLA
GGMA
GGNA
GGOA
GHAA
GHBA
GHCA
GHDA
GHEA
GHFA
GHGA
GHHA
GHIA
GHJA
GHKA
GHLA
GHMA
GHNA
GHOA
GIAA
GIBA
GICA
GIDA
GIEA
GIFA
GIGA
GIHA
GIIA
GIJA
GIKA
GILA
GIMA
GINA
GIOA
GJAA
GJBA
GJCA
GJDA
GJEA
GJFA
GJGA
GJHA
GJIA
GJJA
GJKA
GJLA
GJMA
GJNA
GJOA
GKAA
GKBA
GKCA
GKDA
GKEA
GKFA
GKGA
GKHA
GKIA
GKJA
GKKA
GKLA
GKMA
GKNA
GKOA
GLAA
GLBA
GLCA
GLDA
GLEA
GLFA
GLGA
GLHA
GLIA
GLJA
GLKA
GLLA
GLMA
GLNA
GLOA
GMAA
GMBA
GMCA
GMDA
GMEA
GMFA
GMGA
GMHA
GMIA
GMJA
GMKA
GMLA
GMMA
GMNA
GMOA
GNAA
GNBA
GNCA
GNDA
GNEA
GNFA
GNGA
GNHA
GNIA
GNJA
GNKA
GNLA
GNMA
GNNA
GNOA
GOAA
GOBA
GOCA
GODA
GOEA
GOFA
GOGA
GOHA
GOIA
GOJA
GOKA
GOLA
GOMA
GONA
GOOA
GPAA
GPBA
GPCA
GPDA
GPEA
GPFA
GPGA
GPHA
GPIA
GPJA
GPKA
GPLA
GPMA
GPNA
GPOA
GQAA
GQBA
GQCA
GQDA
GQEA
GQFA
GQGA
GQHA
GQIA
GQJA
GQKA
GQLA
GQMA
GQNA
GQOA
GRAA
GRBA
GRCA
GRDA
GREA
GRFA
GRGA
GRHA
GRIA
GRJA
GRKA
GRLA
GRMA
GRNA
GROA
GSAA
GSBA
GSCA
GSDA
GSEA
GSFA
GSGA
GSHA
GSIA
GSJA
GSKA
GSLA
GSMA
GSNA
GSOA
GTAA
GTBA
GTCA
GTDA
GTEA
GTFA
GTGA
GTHA
GTIA
GTJA
GTKA
GTLA
GTMA
GTNA
GTOA
GUAA
GUBA
GUCA
GUDA
GUEA
GUFA
GUGA
GUHA
GUIA
GUJA
GUKA
GULA
GUMA
GUNA
GUOA
GVAA
GVBA
GVCA
GVDA
GVEA
GVFA
GVGA
GVHA
GVIA
GVJA
GVKA
GVLA
GVMA
GVNA
GWAA
GWBA
GWCA
GWDA
GWEA
GWFA
GWGA
GWHA
GWIA
GWJA
GWKA
GWLA
GWMA
GWNA
GXAA
GXBA
GXCA
GXDA
GXEA
GXFA
GXGA
GXHA
GXIA
GXJA
GXKA
GXLA
GXMA
GXNA
GYAA
GYBA
GYCA
GYDA
GYEA
GYFA
GYGA
GYHA
GYIA
GYJA
GYKA
GYLA
GYMA
GYNA
GZAA
GZBA
GZCA
GZDA
GZEA
GZFA
GZGA
GZHA
GZIA
GZJA
GZKA
GZLA
GZMA
GZNA
HAAA
HABA
HACA
HADA
HAEA
HAFA
HAGA
HAHA
HAIA
HAJA
HAKA
HALA
HAMA
HANA
HAOA
HBAA
HBBA
HBCA
HBDA
HBEA
HBFA
HBGA
HBHA
HBIA
HBJA
HBKA
HBLA
HBMA
HBNA
HBOA
HCAA
HCBA
HCCA
HCDA
HCEA
HCFA
HCGA
HCHA
HCIA
HCJA
HCKA
HCLA
HCMA
HCNA
HCOA
HDAA
HDBA
HDCA
HDDA
HDEA
HDFA
HDGA
HDHA
HDIA
HDJA
HDKA
HDLA
HDMA
HDNA
HDOA
HEAA
HEBA
HECA
HEDA
HEEA
HEFA
HEGA
HEHA
HEIA
HEJA
HEKA
HELA
HEMA
HENA
HEOA
HFAA
HFBA
HFCA
HFDA
HFEA
HFFA
HFGA
HFHA
HFIA
HFJA
HFKA
HFLA
HFMA
HFNA
HFOA
HGAA
HGBA
HGCA
HGDA
HGEA
HGFA
HGGA
HGHA
HGIA
HGJA
HGKA
HGLA
HGMA
HGNA
HGOA
HHAA
HHBA
HHCA
HHDA
HHEA
HHFA
HHGA
HHHA
HHIA
HHJA
HHKA
HHLA
HHMA
HHNA
HHOA
HIAA
HIBA
HICA
HIDA
HIEA
HIFA
HIGA
HIHA
HIIA
HIJA
HIKA
HILA
HIMA
HINA
HIOA
HJAA
HJBA
HJCA
HJDA
HJEA
HJFA
HJGA
HJHA
HJIA
HJJA
HJKA
HJLA
HJMA
HJNA
HJOA
HKAA
HKBA
HKCA
HKDA
HKEA
HKFA
HKGA
HKHA
HKIA
HKJA
HKKA
HKLA
HKMA
HKNA
HKOA
HLAA
HLBA
HLCA
HLDA
HLEA
HLFA
HLGA
HLHA
HLIA
HLJA
HLKA
HLLA
HLMA
HLNA
HLOA
HMAA
HMBA
HMCA
HMDA
HMEA
HMFA
HMGA
HMHA
HMIA
HMJA
HMKA
HMLA
HMMA
HMNA
HMOA
HNAA
HNBA
HNCA
HNDA
HNEA
HNFA
HNGA
HNHA
HNIA
HNJA
HNKA
HNLA
HNMA
HNNA
HNOA
HOAA
HOBA
HOCA
HODA
HOEA
HOFA
HOGA
HOHA
HOIA
HOJA
HOKA
HOLA
HOMA
HONA
HOOA
HPAA
HPBA
HPCA
HPDA
HPEA
HPFA
HPGA
HPHA
HPIA
HPJA
HPKA
HPLA
HPMA
HPNA
HPOA
HQAA
HQBA
HQCA
HQDA
HQEA
HQFA
HQGA
HQHA
HQIA
HQJA
HQKA
HQLA
HQMA
HQNA
HQOA
HRAA
HRBA
HRCA
HRDA
HREA
HRFA
HRGA
HRHA
HRIA
HRJA
HRKA
HRLA
HRMA
HRNA
HROA
HSAA
HSBA
HSCA
HSDA
HSEA
HSFA
HSGA
HSHA
HSIA
HSJA
HSKA
HSLA
HSMA
HSNA
HSOA
HTAA
HTBA
HTCA
HTDA
HTEA
HTFA
HTGA
HTHA
HTIA
HTJA
HTKA
HTLA
HTMA
HTNA
HTOA
HUAA
HUBA
HUCA
HUDA
HUEA
HUFA
HUGA
HUHA
HUIA
HUJA
HUKA
HULA
HUMA
HUNA
HUOA
HVAA
HVBA
HVCA
HVDA
HVEA
HVFA
HVGA
HVHA
HVIA
HVJA
HVKA
HVLA
HVMA
HVNA
HWAA
HWBA
HWCA
HWDA
HWEA
HWFA
HWGA
HWHA
HWIA
HWJA
HWKA
HWLA
HWMA
HWNA
HXAA
HXBA
HXCA
HXDA
HXEA
HXFA
HXGA
HXHA
HXIA
HXJA
HXKA
HXLA
HXMA
HXNA
HYAA
HYBA
HYCA
HYDA
HYEA
HYFA
HYGA
HYHA
HYIA
HYJA
HYKA
HYLA
HYMA
HYNA
HZAA
HZBA
HZCA
HZDA
HZEA
HZFA
HZGA
HZHA
HZIA
HZJA
HZKA
HZLA
HZMA
HZNA
IAAA
IABA
IACA
IADA
IAEA
IAFA
IAGA
IAHA
IAIA
IAJA
IAKA
IALA
IAMA
IANA
IAOA
IBAA
IBBA
IBCA
IBDA
IBEA
IBFA
IBGA
IBHA
IBIA
IBJA
IBKA
IBLA
IBMA
IBNA
IBOA
ICAA
ICBA
ICCA
ICDA
ICEA
ICFA
ICGA
ICHA
ICIA
ICJA
ICKA
ICLA
ICMA
ICNA
ICOA
IDAA
IDBA
IDCA
IDDA
IDEA
IDFA
IDGA
IDHA
IDIA
IDJA
IDKA
IDLA
IDMA
IDNA
IDOA
IEAA
IEBA
IECA
IEDA
IEEA
IEFA
IEGA
IEHA
IEIA
IEJA
IEKA
IELA
IEMA
IENA
IEOA
IFAA
IFBA
IFCA
IFDA
IFEA
IFFA
IFGA
IFHA
IFIA
IFJA
IFKA
IFLA
IFMA
IFNA
IFOA
IGAA
IGBA
IGCA
IGDA
IGEA
IGFA
IGGA
IGHA
IGIA
IGJA
IGKA
IGLA
IGMA
IGNA
IGOA
IHAA
IHBA
IHCA
IHDA
IHEA
IHFA
IHGA
IHHA
IHIA
IHJA
IHKA
IHLA
IHMA
IHNA
IHOA
IIAA
IIBA
IICA
IIDA
IIEA
IIFA
IIGA
IIHA
IIIA
IIJA
IIKA
IILA
IIMA
IINA
IIOA
IJAA
IJBA
IJCA
IJDA
IJEA
IJFA
IJGA
IJHA
IJIA
IJJA
IJKA
IJLA
IJMA
IJNA
IJOA
IKAA
IKBA
IKCA
IKDA
IKEA
IKFA
IKGA
IKHA
IKIA
IKJA
IKKA
IKLA
IKMA
IKNA
IKOA
ILAA
ILBA
ILCA
ILDA
ILEA
ILFA
ILGA
ILHA
ILIA
ILJA
ILKA
ILLA
ILMA
ILNA
ILOA
IMAA
IMBA
IMCA
IMDA
IMEA
IMFA
IMGA
IMHA
IMIA
IMJA
IMKA
IMLA
IMMA
IMNA
IMOA
INAA
INBA
INCA
INDA
INEA
INFA
INGA
INHA
INIA
INJA
INKA
INLA
INMA
INNA
INOA
IOAA
IOBA
IOCA
IODA
IOEA
IOFA
IOGA
IOHA
IOIA
IOJA
IOKA
IOLA
IOMA
IONA
IOOA
IPAA
IPBA
IPCA
IPDA
IPEA
IPFA
IPGA
IPHA
IPIA
IPJA
IPKA
IPLA
IPMA
IPNA
IPOA
IQAA
IQBA
IQCA
IQDA
IQEA
IQFA
IQGA
IQHA
IQIA
IQJA
IQKA
IQLA
IQMA
IQNA
IQOA
IRAA
IRBA
IRCA
IRDA
IREA
IRFA
IRGA
IRHA
IRIA
IRJA
IRKA
IRLA
IRMA
IRNA
IROA
ISAA
ISBA
ISCA
ISDA
ISEA
ISFA
ISGA
ISHA
ISIA
ISJA
ISKA
ISLA
ISMA
ISNA
ISOA
ITAA
ITBA
ITCA
ITDA
ITEA
ITFA
ITGA
ITHA
ITIA
ITJA
ITKA
ITLA
ITMA
ITNA
ITOA
IUAA
IUBA
IUCA
IUDA
IUEA
IUFA
IUGA
IUHA
IUIA
IUJA
IUKA
IULA
IUMA
IUNA
IUOA
IVAA
IVBA
IVCA
IVDA
IVEA
IVFA
IVGA
IVHA
IVIA
IVJA
IVKA
IVLA
IVMA
IVNA
IWAA
IWBA
IWCA
IWDA
IWEA
IWFA
IWGA
IWHA
IWIA
IWJA
IWKA
IWLA
IWMA
IWNA
IXAA
IXBA
IXCA
IXDA
IXEA
IXFA
IXGA
IXHA
IXIA
IXJA
IXKA
IXLA
IXMA
IXNA
IYAA
IYBA
IYCA
IYDA
IYEA
IYFA
IYGA
IYHA
IYIA
IYJA
IYKA
IYLA
IYMA
IYNA
IZAA
IZBA
IZCA
IZDA
IZEA
IZFA
IZGA
IZHA
IZIA
IZJA
IZKA
IZLA
IZMA
IZNA
JAAA
JABA
JACA
JADA
JAEA
JAFA
JAGA
JAHA
JAIA
JAJA
JAKA
JALA
JAMA
JANA
JAOA
JBAA
JBBA
JBCA
JBDA
JBEA
JBFA
JBGA
JBHA
JBIA
JBJA
JBKA
JBLA
JBMA
JBNA
JBOA
JCAA
JCBA
JCCA
JCDA
JCEA
JCFA
JCGA
JCHA
JCIA
JCJA
JCKA
JCLA
JCMA
JCNA
JCOA
JDAA
JDBA
JDCA
JDDA
JDEA
JDFA
JDGA
JDHA
JDIA
JDJA
JDKA
JDLA
JDMA
JDNA
JDOA
JEAA
JEBA
JECA
JEDA
JEEA
JEFA
JEGA
JEHA
JEIA
JEJA
JEKA
JELA
JEMA
JENA
JEOA
JFAA
JFBA
JFCA
JFDA
JFEA
JFFA
JFGA
JFHA
JFIA
JFJA
JFKA
JFLA
JFMA
JFNA
JFOA
JGAA
JGBA
JGCA
JGDA
JGEA
JGFA
JGGA
JGHA
JGIA
JGJA
JGKA
JGLA
JGMA
JGNA
JGOA
JHAA
JHBA
JHCA
JHDA
JHEA
JHFA
JHGA
JHHA
JHIA
JHJA
JHKA
JHLA
JHMA
JHNA
JHOA
JIAA
JIBA
JICA
JIDA
JIEA
JIFA
JIGA
JIHA
JIIA
JIJA
JIKA
JILA
JIMA
JINA
JIOA
JJAA
JJBA
JJCA
JJDA
JJEA
JJFA
JJGA
JJHA
JJIA
JJJA
JJKA
JJLA
JJMA
JJNA
JJOA
JKAA
JKBA
JKCA
JKDA
JKEA
JKFA
JKGA
JKHA
JKIA
JKJA
JKKA
JKLA
JKMA
JKNA
JKOA
JLAA
JLBA
JLCA
JLDA
JLEA
JLFA
JLGA
JLHA
JLIA
JLJA
JLKA
JLLA
JLMA
JLNA
JLOA
JMAA
JMBA
JMCA
JMDA
JMEA
JMFA
JMGA
JMHA
JMIA
JMJA
JMKA
JMLA
JMMA
JMNA
JMOA
JNAA
JNBA
JNCA
JNDA
JNEA
JNFA
JNGA
JNHA
JNIA
JNJA
JNKA
JNLA
JNMA
JNNA
JNOA
JOAA
JOBA
JOCA
JODA
JOEA
JOFA
JOGA
JOHA
JOIA
JOJA
JOKA
JOLA
JOMA
JONA
JOOA
JPAA
JPBA
JPCA
JPDA
JPEA
JPFA
JPGA
JPHA
JPIA
JPJA
JPKA
JPLA
JPMA
JPNA
JPOA
JQAA
JQBA
JQCA
JQDA
JQEA
JQFA
JQGA
JQHA
JQIA
JQJA
JQKA
JQLA
JQMA
JQNA
JQOA
JRAA
JRBA
JRCA
JRDA
JREA
JRFA
JRGA
JRHA
JRIA
JRJA
JRKA
JRLA
JRMA
JRNA
JROA
JSAA
JSBA
JSCA
JSDA
JSEA
JSFA
JSGA
JSHA
JSIA
JSJA
JSKA
JSLA
JSMA
JSNA
JSOA
JTAA
JTBA
JTCA
JTDA
JTEA
JTFA
JTGA
JTHA
JTIA
JTJA
JTKA
JTLA
JTMA
JTNA
JTOA
JUAA
JUBA
JUCA
JUDA
JUEA
JUFA
JUGA
JUHA
JUIA
JUJA
JUKA
JULA
JUMA
JUNA
JUOA
JVAA
JVBA
JVCA
JVDA
JVEA
JVFA
JVGA
JVHA
JVIA
JVJA
JVKA
JVLA
JVMA
JVNA
JWAA
JWBA
JWCA
JWDA
JWEA
JWFA
JWGA
JWHA
JWIA
JWJA
JWKA
JWLA
JWMA
JWNA
JXAA
JXBA
JXCA
JXDA
JXEA
JXFA
JXGA
JXHA
JXIA
JXJA
JXKA
JXLA
JXMA
JXNA
JYAA
JYBA
JYCA
JYDA
JYEA
JYFA
JYGA
JYHA
JYIA
JYJA
JYKA
JYLA
JYMA
JYNA
JZAA
JZBA
JZCA
JZDA
JZEA
JZFA
JZGA
JZHA
JZIA
JZJA
JZKA
JZLA
JZMA
JZNA
KAAA
KABA
KACA
KADA
KAEA
KAFA
KAGA
KAHA
KAIA
KAJA
KAKA
KALA
KAMA
KANA
KAOA
KBAA
KBBA
KBCA
KBDA
KBEA
KBFA
KBGA
KBHA
KBIA
KBJA
KBKA
KBLA
KBMA
KBNA
KBOA
KCAA
KCBA
KCCA
KCDA
KCEA
KCFA
KCGA
KCHA
KCIA
KCJA
KCKA
KCLA
KCMA
KCNA
KCOA
KDAA
KDBA
KDCA
KDDA
KDEA
KDFA
KDGA
KDHA
KDIA
KDJA
KDKA
KDLA
KDMA
KDNA
KDOA
KEAA
KEBA
KECA
KEDA
KEEA
KEFA
KEGA
KEHA
KEIA
KEJA
KEKA
KELA
KEMA
KENA
KEOA
KFAA
KFBA
KFCA
KFDA
KFEA
KFFA
KFGA
KFHA
KFIA
KFJA
KFKA
KFLA
KFMA
KFNA
KFOA
KGAA
KGBA
KGCA
KGDA
KGEA
KGFA
KGGA
KGHA
KGIA
KGJA
KGKA
KGLA
KGMA
KGNA
KGOA
KHAA
KHBA
KHCA
KHDA
KHEA
KHFA
KHGA
KHHA
KHIA
KHJA
KHKA
KHLA
KHMA
KHNA
KHOA
KIAA
KIBA
KICA
KIDA
KIEA
KIFA
KIGA
KIHA
KIIA
KIJA
KIKA
KILA
KIMA
KINA
KIOA
KJAA
KJBA
KJCA
KJDA
KJEA
KJFA
KJGA
KJHA
KJIA
KJJA
KJKA
KJLA
KJMA
KJNA
KJOA
KKAA
KKBA
KKCA
KKDA
KKEA
KKFA
KKGA
KKHA
KKIA
KKJA
KKKA
KKLA
KKMA
KKNA
KKOA
KLAA
KLBA
KLCA
KLDA
KLEA
KLFA
KLGA
KLHA
KLIA
KLJA
KLKA
KLLA
KLMA
KLNA
KLOA
KMAA
KMBA
KMCA
KMDA
KMEA
KMFA
KMGA
KMHA
KMIA
KMJA
KMKA
KMLA
KMMA
KMNA
KMOA
KNAA
KNBA
KNCA
KNDA
KNEA
KNFA
KNGA
KNHA
KNIA
KNJA
KNKA
KNLA
KNMA
KNNA
KNOA
KOAA
KOBA
KOCA
KODA
KOEA
KOFA
KOGA
KOHA
KOIA
KOJA
KOKA
KOLA
KOMA
KONA
KOOA
KPAA
KPBA
KPCA
KPDA
KPEA
KPFA
KPGA
KPHA
KPIA
KPJA
KPKA
KPLA
KPMA
KPNA
KPOA
KQAA
KQBA
KQCA
KQDA
KQEA
KQFA
KQGA
KQHA
KQIA
KQJA
KQKA
KQLA
KQMA
KQNA
KQOA
KRAA
KRBA
KRCA
KRDA
KREA
KRFA
KRGA
KRHA
KRIA
KRJA
KRKA
KRLA
KRMA
KRNA
KROA
KSAA
KSBA
KSCA
KSDA
KSEA
KSFA
KSGA
KSHA
KSIA
KSJA
KSKA
KSLA
KSMA
KSNA
KSOA
KTAA
KTBA
KTCA
KTDA
KTEA
KTFA
KTGA
KTHA
KTIA
KTJA
KTKA
KTLA
KTMA
KTNA
KTOA
KUAA
KUBA
KUCA
KUDA
KUEA
KUFA
KUGA
KUHA
KUIA
KUJA
KUKA
KULA
KUMA
KUNA
KUOA
KVAA
KVBA
KVCA
KVDA
KVEA
KVFA
KVGA
KVHA
KVIA
KVJA
KVKA
KVLA
KVMA
KVNA
KWAA
KWBA
KWCA
KWDA
KWEA
KWFA
KWGA
KWHA
KWIA
KWJA
KWKA
KWLA
KWMA
KWNA
KXAA
KXBA
KXCA
KXDA
KXEA
KXFA
KXGA
KXHA
KXIA
KXJA
KXKA
KXLA
KXMA
KXNA
KYAA
KYBA
KYCA
KYDA
KYEA
KYFA
KYGA
KYHA
KYIA
KYJA
KYKA
KYLA
KYMA
KYNA
KZAA
KZBA
KZCA
KZDA
KZEA
KZFA
KZGA
KZHA
KZIA
KZJA
KZKA
KZLA
KZMA
KZNA
LAAA
LABA
LACA
LADA
LAEA
LAFA
LAGA
LAHA
LAIA
LAJA
LAKA
LALA
LAMA
LANA
LAOA
LBAA
LBBA
LBCA
LBDA
LBEA
LBFA
LBGA
LBHA
LBIA
LBJA
LBKA
LBLA
LBMA
LBNA
LBOA
LCAA
LCBA
LCCA
LCDA
LCEA
LCFA
LCGA
LCHA
LCIA
LCJA
LCKA
LCLA
LCMA
LCNA
LCOA
LDAA
LDBA
LDCA
LDDA
LDEA
LDFA
LDGA
LDHA
LDIA
LDJA
LDKA
LDLA
LDMA
LDNA
LDOA
LEAA
LEBA
LECA
LEDA
LEEA
LEFA
LEGA
LEHA
LEIA
LEJA
LEKA
LELA
LEMA
LENA
LEOA
LFAA
LFBA
LFCA
LFDA
LFEA
LFFA
LFGA
LFHA
LFIA
LFJA
LFKA
LFLA
LFMA
LFNA
LFOA
LGAA
LGBA
LGCA
LGDA
LGEA
LGFA
LGGA
LGHA
LGIA
LGJA
LGKA
LGLA
LGMA
LGNA
LGOA
LHAA
LHBA
LHCA
LHDA
LHEA
LHFA
LHGA
LHHA
LHIA
LHJA
LHKA
LHLA
LHMA
LHNA
LHOA
LIAA
LIBA
LICA
LIDA
LIEA
LIFA
LIGA
LIHA
LIIA
LIJA
LIKA
LILA
LIMA
LINA
LIOA
LJAA
LJBA
LJCA
LJDA
LJEA
LJFA
LJGA
LJHA
LJIA
LJJA
LJKA
LJLA
LJMA
LJNA
LJOA
LKAA
LKBA
LKCA
LKDA
LKEA
LKFA
LKGA
LKHA
LKIA
LKJA
LKKA
LKLA
LKMA
LKNA
LKOA
LLAA
LLBA
LLCA
LLDA
LLEA
LLFA
LLGA
LLHA
LLIA
LLJA
LLKA
LLLA
LLMA
LLNA
LLOA
LMAA
LMBA
LMCA
LMDA
LMEA
LMFA
LMGA
LMHA
LMIA
LMJA
LMKA
LMLA
LMMA
LMNA
LMOA
LNAA
LNBA
LNCA
LNDA
LNEA
LNFA
LNGA
LNHA
LNIA
LNJA
LNKA
LNLA
LNMA
LNNA
LNOA
LOAA
LOBA
LOCA
LODA
LOEA
LOFA
LOGA
LOHA
LOIA
LOJA
LOKA
LOLA
LOMA
LONA
LOOA
LPAA
LPBA
LPCA
LPDA
LPEA
LPFA
LPGA
LPHA
LPIA
LPJA
LPKA
LPLA
LPMA
LPNA
LPOA
LQAA
LQBA
LQCA
LQDA
LQEA
LQFA
LQGA
LQHA
LQIA
LQJA
LQKA
LQLA
LQMA
LQNA
LQOA
LRAA
LRBA
LRCA
LRDA
LREA
LRFA
LRGA
LRHA
LRIA
LRJA
LRKA
LRLA
LRMA
LRNA
LROA
LSAA
LSBA
LSCA
LSDA
LSEA
LSFA
LSGA
LSHA
LSIA
LSJA
LSKA
LSLA
LSMA
LSNA
LSOA
LTAA
LTBA
LTCA
LTDA
LTEA
LTFA
LTGA
LTHA
LTIA
LTJA
LTKA
LTLA
LTMA
LTNA
LTOA
LUAA
LUBA
LUCA
LUDA
LUEA
LUFA
LUGA
LUHA
LUIA
LUJA
LUKA
LULA
LUMA
LUNA
LUOA
LVAA
LVBA
LVCA
LVDA
LVEA
LVFA
LVGA
LVHA
LVIA
LVJA
LVKA
LVLA
LVMA
LVNA
LWAA
LWBA
LWCA
LWDA
LWEA
LWFA
LWGA
LWHA
LWIA
LWJA
LWKA
LWLA
LWMA
LWNA
LXAA
LXBA
LXCA
LXDA
LXEA
LXFA
LXGA
LXHA
LXIA
LXJA
LXKA
LXLA
LXMA
LXNA
LYAA
LYBA
LYCA
LYDA
LYEA
LYFA
LYGA
LYHA
LYIA
LYJA
LYKA
LYLA
LYMA
LYNA
LZAA
LZBA
LZCA
LZDA
LZEA
LZFA
LZGA
LZHA
LZIA
LZJA
LZKA
LZLA
LZMA
LZNA
MAAA
MABA
MACA
MADA
MAEA
MAFA
MAGA
MAHA
MAIA
MAJA
MAKA
MALA
MAMA
MANA
MAOA
MBAA
MBBA
MBCA
MBDA
MBEA
MBFA
MBGA
MBHA
MBIA
MBJA
MBKA
MBLA
MBMA
MBNA
MBOA
MCAA
MCBA
MCCA
MCDA
MCEA
MCFA
MCGA
MCHA
MCIA
MCJA
MCKA
MCLA
MCMA
MCNA
MCOA
MDAA
MDBA
MDCA
MDDA
MDEA
MDFA
MDGA
MDHA
MDIA
MDJA
MDKA
MDLA
MDMA
MDNA
MDOA
MEAA
MEBA
MECA
MEDA
MEEA
MEFA
MEGA
MEHA
MEIA
MEJA
MEKA
MELA
MEMA
MENA
MEOA
MFAA
MFBA
MFCA
MFDA
MFEA
MFFA
MFGA
MFHA
MFIA
MFJA
MFKA
MFLA
MFMA
MFNA
MFOA
MGAA
MGBA
MGCA
MGDA
MGEA
MGFA
MGGA
MGHA
MGIA
MGJA
MGKA
MGLA
MGMA
MGNA
MGOA
MHAA
MHBA
MHCA
MHDA
MHEA
MHFA
MHGA
MHHA
MHIA
MHJA
MHKA
MHLA
MHMA
MHNA
MHOA
MIAA
MIBA
MICA
MIDA
MIEA
MIFA
MIGA
MIHA
MIIA
MIJA
MIKA
MILA
MIMA
MINA
MIOA
MJAA
MJBA
MJCA
MJDA
MJEA
MJFA
MJGA
MJHA
MJIA
MJJA
MJKA
MJLA
MJMA
MJNA
MJOA
MKAA
MKBA
MKCA
MKDA
MKEA
MKFA
MKGA
MKHA
MKIA
MKJA
MKKA
MKLA
MKMA
MKNA
MKOA
MLAA
MLBA
MLCA
MLDA
MLEA
MLFA
MLGA
MLHA
MLIA
MLJA
MLKA
MLLA
MLMA
MLNA
MLOA
MMAA
MMBA
MMCA
MMDA
MMEA
MMFA
MMGA
MMHA
MMIA
MMJA
MMKA
MMLA
MMMA
MMNA
MMOA
MNAA
MNBA
MNCA
MNDA
MNEA
MNFA
MNGA
MNHA
MNIA
MNJA
MNKA
MNLA
MNMA
MNNA
MNOA
MOAA
MOBA
MOCA
MODA
MOEA
MOFA
MOGA
MOHA
MOIA
MOJA
MOKA
MOLA
MOMA
MONA
MOOA
MPAA
MPBA
MPCA
MPDA
MPEA
MPFA
MPGA
MPHA
MPIA
MPJA
MPKA
MPLA
MPMA
MPNA
MPOA
MQAA
MQBA
MQCA
MQDA
MQEA
MQFA
MQGA
MQHA
MQIA
MQJA
MQKA
MQLA
MQMA
MQNA
MQOA
MRAA
MRBA
MRCA
MRDA
MREA
MRFA
MRGA
MRHA
MRIA
MRJA
MRKA
MRLA
MRMA
MRNA
MROA
MSAA
MSBA
MSCA
MSDA
MSEA
MSFA
MSGA
MSHA
MSIA
MSJA
MSKA
MSLA
MSMA
MSNA
MSOA
MTAA
MTBA
MTCA
MTDA
MTEA
MTFA
MTGA
MTHA
MTIA
MTJA
MTKA
MTLA
MTMA
MTNA
MTOA
MUAA
MUBA
MUCA
MUDA
MUEA
MUFA
MUGA
MUHA
MUIA
MUJA
MUKA
MULA
MUMA
MUNA
MUOA
MVAA
MVBA
MVCA
MVDA
MVEA
MVFA
MVGA
MVHA
MVIA
MVJA
MVKA
MVLA
MVMA
MVNA
MWAA
MWBA
MWCA
MWDA
MWEA
MWFA
MWGA
MWHA
MWIA
MWJA
MWKA
MWLA
MWMA
MWNA
MXAA
MXBA
MXCA
MXDA
MXEA
MXFA
MXGA
MXHA
MXIA
MXJA
MXKA
MXLA
MXMA
MXNA
MYAA
MYBA
MYCA
MYDA
MYEA
MYFA
MYGA
MYHA
MYIA
MYJA
MYKA
MYLA
MYMA
MYNA
MZAA
MZBA
MZCA
MZDA
MZEA
MZFA
MZGA
MZHA
MZIA
MZJA
MZKA
MZLA
MZMA
MZNA
NAAA
NABA
NACA
NADA
NAEA
NAFA
NAGA
NAHA
NAIA
NAJA
NAKA
NALA
NAMA
NANA
NAOA
NBAA
NBBA
NBCA
NBDA
NBEA
NBFA
NBGA
NBHA
NBIA
NBJA
NBKA
NBLA
NBMA
NBNA
NBOA
NCAA
NCBA
NCCA
NCDA
NCEA
NCFA
NCGA
NCHA
NCIA
NCJA
NCKA
NCLA
NCMA
NCNA
NCOA
NDAA
NDBA
NDCA
NDDA
NDEA
NDFA
NDGA
NDHA
NDIA
NDJA
NDKA
NDLA
NDMA
NDNA
NDOA
NEAA
NEBA
NECA
NEDA
NEEA
NEFA
NEGA
NEHA
NEIA
NEJA
NEKA
NELA
NEMA
NENA
NEOA
NFAA
NFBA
NFCA
NFDA
NFEA
NFFA
NFGA
NFHA
NFIA
NFJA
NFKA
NFLA
NFMA
NFNA
NFOA
NGAA
NGBA
NGCA
NGDA
NGEA
NGFA
NGGA
NGHA
NGIA
NGJA
NGKA
NGLA
NGMA
NGNA
NGOA
NHAA
NHBA
NHCA
NHDA
NHEA
NHFA
NHGA
NHHA
NHIA
NHJA
NHKA
NHLA
NHMA
NHNA
NHOA
NIAA
NIBA
NICA
NIDA
NIEA
NIFA
NIGA
NIHA
NIIA
NIJA
NIKA
NILA
NIMA
NINA
NIOA
NJAA
NJBA
NJCA
NJDA
NJEA
NJFA
NJGA
NJHA
NJIA
NJJA
NJKA
NJLA
NJMA
NJNA
NJOA
NKAA
NKBA
NKCA
NKDA
NKEA
NKFA
NKGA
NKHA
NKIA
NKJA
NKKA
NKLA
NKMA
NKNA
NKOA
NLAA
NLBA
NLCA
NLDA
NLEA
NLFA
NLGA
NLHA
NLIA
NLJA
NLKA
NLLA
NLMA
NLNA
NLOA
NMAA
NMBA
NMCA
NMDA
NMEA
NMFA
NMGA
NMHA
NMIA
NMJA
NMKA
NMLA
NMMA
NMNA
NMOA
NNAA
NNBA
NNCA
NNDA
NNEA
NNFA
NNGA
NNHA
NNIA
NNJA
NNKA
NNLA
NNMA
NNNA
NNOA
NOAA
NOBA
NOCA
NODA
NOEA
NOFA
NOGA
NOHA
NOIA
NOJA
NOKA
NOLA
NOMA
NONA
NOOA
NPAA
NPBA
NPCA
NPDA
NPEA
NPFA
NPGA
NPHA
NPIA
NPJA
NPKA
NPLA
NPMA
NPNA
NPOA
NQAA
NQBA
NQCA
NQDA
NQEA
NQFA
NQGA
NQHA
NQIA
NQJA
NQKA
NQLA
NQMA
NQNA
NQOA
NRAA
NRBA
NRCA
NRDA
NREA
NRFA
NRGA
NRHA
NRIA
NRJA
NRKA
NRLA
NRMA
NRNA
NROA
NSAA
NSBA
NSCA
NSDA
NSEA
NSFA
NSGA
NSHA
NSIA
NSJA
NSKA
NSLA
NSMA
NSNA
NSOA
NTAA
NTBA
NTCA
NTDA
NTEA
NTFA
NTGA
NTHA
NTIA
NTJA
NTKA
NTLA
NTMA
NTNA
NTOA
NUAA
NUBA
NUCA
NUDA
NUEA
NUFA
NUGA
NUHA
NUIA
NUJA
NUKA
NULA
NUMA
NUNA
NUOA
NVAA
NVBA
NVCA
NVDA
NVEA
NVFA
NVGA
NVHA
NVIA
NVJA
NVKA
NVLA
NVMA
NVNA
NWAA
NWBA
NWCA
NWDA
NWEA
NWFA
NWGA
NWHA
NWIA
NWJA
NWKA
NWLA
NWMA
NWNA
NXAA
NXBA
NXCA
NXDA
NXEA
NXFA
NXGA
NXHA
NXIA
NXJA
NXKA
NXLA
NXMA
NXNA
NYAA
NYBA
NYCA
NYDA
NYEA
NYFA
NYGA
NYHA
NYIA
NYJA
NYKA
NYLA
NYMA
NYNA
NZAA
NZBA
NZCA
NZDA
NZEA
NZFA
NZGA
NZHA
NZIA
NZJA
NZKA
NZLA
NZMA
NZNA
OAAA
OABA
OACA
OADA
OAEA
OAFA
OAGA
OAHA
OAIA
OAJA
OAKA
OALA
OAMA
OANA
OAOA
OBAA
OBBA
OBCA
OBDA
OBEA
OBFA
OBGA
OBHA
OBIA
OBJA
OBKA
OBLA
OBMA
OBNA
OBOA
OCAA
OCBA
OCCA
OCDA
OCEA
OCFA
OCGA
OCHA
OCIA
OCJA
OCKA
OCLA
OCMA
OCNA
OCOA
ODAA
ODBA
ODCA
ODDA
ODEA
ODFA
ODGA
ODHA
ODIA
ODJA
ODKA
ODLA
ODMA
ODNA
ODOA
OEAA
OEBA
OECA
OEDA
OEEA
OEFA
OEGA
OEHA
OEIA
OEJA
OEKA
OELA
OEMA
OENA
OEOA
OFAA
OFBA
OFCA
OFDA
OFEA
OFFA
OFGA
OFHA
OFIA
OFJA
OFKA
OFLA
OFMA
OFNA
OFOA
OGAA
OGBA
OGCA
OGDA
OGEA
OGFA
OGGA
OGHA
OGIA
OGJA
OGKA
OGLA
OGMA
OGNA
OGOA
OHAA
OHBA
OHCA
OHDA
OHEA
OHFA
OHGA
OHHA
OHIA
OHJA
OHKA
OHLA
OHMA
OHNA
OHOA
OIAA
OIBA
OICA
OIDA
OIEA
OIFA
OIGA
OIHA
OIIA
OIJA
OIKA
OILA
OIMA
OINA
OIOA
OJAA
OJBA
OJCA
OJDA
OJEA
OJFA
OJGA
OJHA
OJIA
OJJA
OJKA
OJLA
OJMA
OJNA
OJOA
OKAA
OKBA
OKCA
OKDA
OKEA
OKFA
OKGA
OKHA
OKIA
OKJA
OKKA
OKLA
OKMA
OKNA
OKOA
OLAA
OLBA
OLCA
OLDA
OLEA
OLFA
OLGA
OLHA
OLIA
OLJA
OLKA
OLLA
OLMA
OLNA
OLOA
OMAA
OMBA
OMCA
OMDA
OMEA
OMFA
OMGA
OMHA
OMIA
OMJA
OMKA
OMLA
OMMA
OMNA
OMOA
ONAA
ONBA
ONCA
ONDA
ONEA
ONFA
ONGA
ONHA
ONIA
ONJA
ONKA
ONLA
ONMA
ONNA
ONOA
OOAA
OOBA
OOCA
OODA
OOEA
OOFA
OOGA
OOHA
OOIA
OOJA
OOKA
OOLA
OOMA
OONA
OOOA
OPAA
OPBA
OPCA
OPDA
OPEA
OPFA
OPGA
OPHA
OPIA
OPJA
OPKA
OPLA
OPMA
OPNA
OPOA
OQAA
OQBA
OQCA
OQDA
OQEA
OQFA
OQGA
OQHA
OQIA
OQJA
OQKA
OQLA
OQMA
OQNA
OQOA
ORAA
ORBA
ORCA
ORDA
OREA
ORFA
ORGA
ORHA
ORIA
ORJA
ORKA
ORLA
ORMA
ORNA
OROA
OSAA
OSBA
OSCA
OSDA
OSEA
OSFA
OSGA
OSHA
OSIA
OSJA
OSKA
OSLA
OSMA
OSNA
OSOA
OTAA
OTBA
OTCA
OTDA
OTEA
OTFA
OTGA
OTHA
OTIA
OTJA
OTKA
OTLA
OTMA
OTNA
OTOA
OUAA
OUBA
OUCA
OUDA
OUEA
OUFA
OUGA
OUHA
OUIA
OUJA
OUKA
OULA
OUMA
OUNA
OUOA
OVAA
OVBA
OVCA
OVDA
OVEA
OVFA
OVGA
OVHA
OVIA
OVJA
OVKA
OVLA
OVMA
OVNA
OWAA
OWBA
OWCA
OWDA
OWEA
OWFA
OWGA
OWHA
OWIA
OWJA
OWKA
OWLA
OWMA
OWNA
OXAA
OXBA
OXCA
OXDA
OXEA
OXFA
OXGA
OXHA
OXIA
OXJA
OXKA
OXLA
OXMA
OXNA
OYAA
OYBA
OYCA
OYDA
OYEA
OYFA
OYGA
OYHA
OYIA
OYJA
OYKA
OYLA
OYMA
OYNA
OZAA
OZBA
OZCA
OZDA
OZEA
OZFA
OZGA
OZHA
OZIA
OZJA
OZKA
OZLA
OZMA
OZNA
PAAA
PABA
PACA
PADA
PAEA
PAFA
PAGA
PAHA
PAIA
PAJA
PAKA
PALA
PAMA
PANA
PAOA
PBAA
PBBA
PBCA
PBDA
PBEA
PBFA
PBGA
PBHA
PBIA
PBJA
PBKA
PBLA
PBMA
PBNA
PBOA
PCAA
PCBA
PCCA
PCDA
PCEA
PCFA
PCGA
PCHA
PCIA
PCJA
PCKA
PCLA
PCMA
PCNA
PCOA
PDAA
PDBA
PDCA
PDDA
PDEA
PDFA
PDGA
PDHA
PDIA
PDJA
PDKA
PDLA
PDMA
PDNA
PDOA
PEAA
PEBA
PECA
PEDA
PEEA
PEFA
PEGA
PEHA
PEIA
PEJA
PEKA
PELA
PEMA
PENA
PEOA
PFAA
PFBA
PFCA
PFDA
PFEA
PFFA
PFGA
PFHA
PFIA
PFJA
PFKA
PFLA
PFMA
PFNA
PFOA
PGAA
PGBA
PGCA
PGDA
PGEA
PGFA
PGGA
PGHA
PGIA
PGJA
PGKA
PGLA
PGMA
PGNA
PGOA
PHAA
PHBA
PHCA
PHDA
PHEA
PHFA
PHGA
PHHA
PHIA
PHJA
PHKA
PHLA
PHMA
PHNA
PHOA
PIAA
PIBA
PICA
PIDA
PIEA
PIFA
PIGA
PIHA
PIIA
PIJA
PIKA
PILA
PIMA
PINA
PIOA
PJAA
PJBA
PJCA
PJDA
PJEA
PJFA
PJGA
PJHA
PJIA
PJJA
PJKA
PJLA
PJMA
PJNA
PJOA
PKAA
PKBA
PKCA
PKDA
PKEA
PKFA
PKGA
PKHA
PKIA
PKJA
PKKA
PKLA
PKMA
PKNA
PKOA
PLAA
PLBA
PLCA
PLDA
PLEA
PLFA
PLGA
PLHA
PLIA
PLJA
PLKA
PLLA
PLMA
PLNA
PLOA
PMAA
PMBA
PMCA
PMDA
PMEA
PMFA
PMGA
PMHA
PMIA
PMJA
PMKA
PMLA
PMMA
PMNA
PMOA
PNAA
PNBA
PNCA
PNDA
PNEA
PNFA
PNGA
PNHA
PNIA
PNJA
PNKA
PNLA
PNMA
PNNA
PNOA
POAA
POBA
POCA
PODA
POEA
POFA
POGA
POHA
POIA
POJA
POKA
POLA
POMA
PONA
POOA
PPAA
PPBA
PPCA
PPDA
PPEA
PPFA
PPGA
PPHA
PPIA
PPJA
PPKA
PPLA
PPMA
PPNA
PPOA
PQAA
PQBA
PQCA
PQDA
PQEA
PQFA
PQGA
PQHA
PQIA
PQJA
PQKA
PQLA
PQMA
PQNA
PQOA
PRAA
PRBA
PRCA
PRDA
PREA
PRFA
PRGA
PRHA
PRIA
PRJA
PRKA
PRLA
PRMA
PRNA
PROA
PSAA
PSBA
PSCA
PSDA
PSEA
PSFA
PSGA
PSHA
PSIA
PSJA
PSKA
PSLA
PSMA
PSNA
PSOA
PTAA
PTBA
PTCA
PTDA
PTEA
PTFA
PTGA
PTHA
PTIA
PTJA
PTKA
PTLA
PTMA
PTNA
PTOA
PUAA
PUBA
PUCA
PUDA
PUEA
PUFA
PUGA
PUHA
PUIA
PUJA
PUKA
PULA
PUMA
PUNA
PUOA
PVAA
PVBA
PVCA
PVDA
PVEA
PVFA
PVGA
PVHA
PVIA
PVJA
PVKA
PVLA
PVMA
PVNA
PWAA
PWBA
PWCA
PWDA
PWEA
PWFA
PWGA
PWHA
PWIA
PWJA
PWKA
PWLA
PWMA
PWNA
PXAA
PXBA
PXCA
PXDA
PXEA
PXFA
PXGA
PXHA
PXIA
PXJA
PXKA
PXLA
PXMA
PXNA
PYAA
PYBA
PYCA
PYDA
PYEA
PYFA
PYGA
PYHA
PYIA
PYJA
PYKA
PYLA
PYMA
PYNA
PZAA
PZBA
PZCA
PZDA
PZEA
PZFA
PZGA
PZHA
PZIA
PZJA
PZKA
PZLA
PZMA
PZNA
QAAA
QABA
QACA
QADA
QAEA
QAFA
QAGA
QAHA
QAIA
QAJA
QAKA
QALA
QAMA
QANA
QAOA
QBAA
QBBA
QBCA
QBDA
QBEA
QBFA
QBGA
QBHA
QBIA
QBJA
QBKA
QBLA
QBMA
QBNA
QBOA
QCAA
QCBA
QCCA
QCDA
QCEA
QCFA
QCGA
QCHA
QCIA
QCJA
QCKA
QCLA
QCMA
QCNA
QCOA
QDAA
QDBA
QDCA
QDDA
QDEA
QDFA
QDGA
QDHA
QDIA
QDJA
QDKA
QDLA
QDMA
QDNA
QDOA
QEAA
QEBA
QECA
QEDA
QEEA
QEFA
QEGA
QEHA
QEIA
QEJA
QEKA
QELA
QEMA
QENA
QEOA
QFAA
QFBA
QFCA
QFDA
QFEA
QFFA
QFGA
QFHA
QFIA
QFJA
QFKA
QFLA
QFMA
QFNA
QFOA
QGAA
QGBA
QGCA
QGDA
QGEA
QGFA
QGGA
QGHA
QGIA
QGJA
QGKA
QGLA
QGMA
QGNA
QGOA
QHAA
QHBA
QHCA
QHDA
QHEA
QHFA
QHGA
QHHA
QHIA
QHJA
QHKA
QHLA
QHMA
QHNA
QHOA
QIAA
QIBA
QICA
QIDA
QIEA
QIFA
QIGA
QIHA
QIIA
QIJA
QIKA
QILA
QIMA
QINA
QIOA
QJAA
QJBA
QJCA
QJDA
QJEA
QJFA
QJGA
QJHA
QJIA
QJJA
QJKA
QJLA
QJMA
QJNA
QJOA
QKAA
QKBA
QKCA
QKDA
QKEA
QKFA
QKGA
QKHA
QKIA
QKJA
QKKA
QKLA
QKMA
QKNA
QKOA
QLAA
QLBA
QLCA
QLDA
QLEA
QLFA
QLGA
QLHA
QLIA
QLJA
QLKA
QLLA
QLMA
QLNA
QLOA
QMAA
QMBA
QMCA
QMDA
QMEA
QMFA
QMGA
QMHA
QMIA
QMJA
QMKA
QMLA
QMMA
QMNA
QMOA
QNAA
QNBA
QNCA
QNDA
QNEA
QNFA
QNGA
QNHA
QNIA
QNJA
QNKA
QNLA
QNMA
QNNA
QNOA
QOAA
QOBA
QOCA
QODA
QOEA
QOFA
QOGA
QOHA
QOIA
QOJA
QOKA
QOLA
QOMA
QONA
QOOA
QPAA
QPBA
QPCA
QPDA
QPEA
QPFA
QPGA
QPHA
QPIA
QPJA
QPKA
QPLA
QPMA
QPNA
QPOA
QQAA
QQBA
QQCA
QQDA
QQEA
QQFA
QQGA
QQHA
QQIA
QQJA
QQKA
QQLA
QQMA
QQNA
QQOA
QRAA
QRBA
QRCA
QRDA
QREA
QRFA
QRGA
QRHA
QRIA
QRJA
QRKA
QRLA
QRMA
QRNA
QROA
QSAA
QSBA
QSCA
QSDA
QSEA
QSFA
QSGA
QSHA
QSIA
QSJA
QSKA
QSLA
QSMA
QSNA
QSOA
QTAA
QTBA
QTCA
QTDA
QTEA
QTFA
QTGA
QTHA
QTIA
QTJA
QTKA
QTLA
QTMA
QTNA
QTOA
QUAA
QUBA
QUCA
QUDA
QUEA
QUFA
QUGA
QUHA
QUIA
QUJA
QUKA
QULA
QUMA
QUNA
QVAA
QVBA
QVCA
QVDA
QVEA
QVFA
QVGA
QVHA
QVIA
QVJA
QVKA
QVLA
QVMA
QVNA
QWAA
QWBA
QWCA
QWDA
QWEA
QWFA
QWGA
QWHA
QWIA
QWJA
QWKA
QWLA
QWMA
QWNA
QXAA
QXBA
QXCA
QXDA
QXEA
QXFA
QXGA
QXHA
QXIA
QXJA
QXKA
QXLA
QXMA
QXNA
QYAA
QYBA
QYCA
QYDA
QYEA
QYFA
QYGA
QYHA
QYIA
QYJA
QYKA
QYLA
QYMA
QYNA
QZAA
QZBA
QZCA
QZDA
QZEA
QZFA
QZGA
QZHA
QZIA
QZJA
QZKA
QZLA
QZMA
QZNA
RAAA
RABA
RACA
RADA
RAEA
RAFA
RAGA
RAHA
RAIA
RAJA
RAKA
RALA
RAMA
RANA
RAOA
RBAA
RBBA
RBCA
RBDA
RBEA
RBFA
RBGA
RBHA
RBIA
RBJA
RBKA
RBLA
RBMA
RBNA
RBOA
RCAA
RCBA
RCCA
RCDA
RCEA
RCFA
RCGA
RCHA
RCIA
RCJA
RCKA
RCLA
RCMA
RCNA
RCOA
RDAA
RDBA
RDCA
RDDA
RDEA
RDFA
RDGA
RDHA
RDIA
RDJA
RDKA
RDLA
RDMA
RDNA
RDOA
REAA
REBA
RECA
REDA
REEA
REFA
REGA
REHA
REIA
REJA
REKA
RELA
REMA
RENA
REOA
RFAA
RFBA
RFCA
RFDA
RFEA
RFFA
RFGA
RFHA
RFIA
RFJA
RFKA
RFLA
RFMA
RFNA
RFOA
RGAA
RGBA
RGCA
RGDA
RGEA
RGFA
RGGA
RGHA
RGIA
RGJA
RGKA
RGLA
RGMA
RGNA
RGOA
RHAA
RHBA
RHCA
RHDA
RHEA
RHFA
RHGA
RHHA
RHIA
RHJA
RHKA
RHLA
RHMA
RHNA
RHOA
RIAA
RIBA
RICA
RIDA
RIEA
RIFA
RIGA
RIHA
RIIA
RIJA
RIKA
RILA
RIMA
RINA
RIOA
RJAA
RJBA
RJCA
RJDA
RJEA
RJFA
RJGA
RJHA
RJIA
RJJA
RJKA
RJLA
RJMA
RJNA
RJOA
RKAA
RKBA
RKCA
RKDA
RKEA
RKFA
RKGA
RKHA
RKIA
RKJA
RKKA
RKLA
RKMA
RKNA
RKOA
RLAA
RLBA
RLCA
RLDA
RLEA
RLFA
RLGA
RLHA
RLIA
RLJA
RLKA
RLLA
RLMA
RLNA
RLOA
RMAA
RMBA
RMCA
RMDA
RMEA
RMFA
RMGA
RMHA
RMIA
RMJA
RMKA
RMLA
RMMA
RMNA
RMOA
RNAA
RNBA
RNCA
RNDA
RNEA
RNFA
RNGA
RNHA
RNIA
RNJA
RNKA
RNLA
RNMA
RNNA
RNOA
ROAA
ROBA
ROCA
RODA
ROEA
ROFA
ROGA
ROHA
ROIA
ROJA
ROKA
ROLA
ROMA
RONA
ROOA
RPAA
RPBA
RPCA
RPDA
RPEA
RPFA
RPGA
RPHA
RPIA
RPJA
RPKA
RPLA
RPMA
RPNA
RPOA
RQAA
RQBA
RQCA
RQDA
RQEA
RQFA
RQGA
RQHA
RQIA
RQJA
RQKA
RQLA
RQMA
RQNA
RQOA
RRAA
RRBA
RRCA
RRDA
RREA
RRFA
RRGA
RRHA
RRIA
RRJA
RRKA
RRLA
RRMA
RRNA
RROA
RSAA
RSBA
RSCA
RSDA
RSEA
RSFA
RSGA
RSHA
RSIA
RSJA
RSKA
RSLA
RSMA
RSNA
RSOA
RTAA
RTBA
RTCA
RTDA
RTEA
RTFA
RTGA
RTHA
RTIA
RTJA
RTKA
RTLA
RTMA
RTNA
RTOA
RUAA
RUBA
RUCA
RUDA
RUEA
RUFA
RUGA
RUHA
RUIA
RUJA
RUKA
RULA
RUMA
RUNA
RVAA
RVBA
RVCA
RVDA
RVEA
RVFA
RVGA
RVHA
RVIA
RVJA
RVKA
RVLA
RVMA
RVNA
RWAA
RWBA
RWCA
RWDA
RWEA
RWFA
RWGA
RWHA
RWIA
RWJA
RWKA
RWLA
RWMA
RWNA
RXAA
RXBA
RXCA
RXDA
RXEA
RXFA
RXGA
RXHA
RXIA
RXJA
RXKA
RXLA
RXMA
RXNA
RYAA
RYBA
RYCA
RYDA
RYEA
RYFA
RYGA
RYHA
RYIA
RYJA
RYKA
RYLA
RYMA
RYNA
RZAA
RZBA
RZCA
RZDA
RZEA
RZFA
RZGA
RZHA
RZIA
RZJA
RZKA
RZLA
RZMA
RZNA
SAAA
SABA
SACA
SADA
SAEA
SAFA
SAGA
SAHA
SAIA
SAJA
SAKA
SALA
SAMA
SANA
SAOA
SBAA
SBBA
SBCA
SBDA
SBEA
SBFA
SBGA
SBHA
SBIA
SBJA
SBKA
SBLA
SBMA
SBNA
SBOA
SCAA
SCBA
SCCA
SCDA
SCEA
SCFA
SCGA
SCHA
SCIA
SCJA
SCKA
SCLA
SCMA
SCNA
SCOA
SDAA
SDBA
SDCA
SDDA
SDEA
SDFA
SDGA
SDHA
SDIA
SDJA
SDKA
SDLA
SDMA
SDNA
SDOA
SEAA
SEBA
SECA
SEDA
SEEA
SEFA
SEGA
SEHA
SEIA
SEJA
SEKA
SELA
SEMA
SENA
SEOA
SFAA
SFBA
SFCA
SFDA
SFEA
SFFA
SFGA
SFHA
SFIA
SFJA
SFKA
SFLA
SFMA
SFNA
SFOA
SGAA
SGBA
SGCA
SGDA
SGEA
SGFA
SGGA
SGHA
SGIA
SGJA
SGKA
SGLA
SGMA
SGNA
SGOA
SHAA
SHBA
SHCA
SHDA
SHEA
SHFA
SHGA
SHHA
SHIA
SHJA
SHKA
SHLA
SHMA
SHNA
SHOA
SIAA
SIBA
SICA
SIDA
SIEA
SIFA
SIGA
SIHA
SIIA
SIJA
SIKA
SILA
SIMA
SINA
SIOA
SJAA
SJBA
SJCA
SJDA
SJEA
SJFA
SJGA
SJHA
SJIA
SJJA
SJKA
SJLA
SJMA
SJNA
SJOA
SKAA
SKBA
SKCA
SKDA
SKEA
SKFA
SKGA
SKHA
SKIA
SKJA
SKKA
SKLA
SKMA
SKNA
SKOA
SLAA
SLBA
SLCA
SLDA
SLEA
SLFA
SLGA
SLHA
SLIA
SLJA
SLKA
SLLA
SLMA
SLNA
SLOA
SMAA
SMBA
SMCA
SMDA
SMEA
SMFA
SMGA
SMHA
SMIA
SMJA
SMKA
SMLA
SMMA
SMNA
SMOA
SNAA
SNBA
SNCA
SNDA
SNEA
SNFA
SNGA
SNHA
SNIA
SNJA
SNKA
SNLA
SNMA
SNNA
SNOA
SOAA
SOBA
SOCA
SODA
SOEA
SOFA
SOGA
SOHA
SOIA
SOJA
SOKA
SOLA
SOMA
SONA
SOOA
SPAA
SPBA
SPCA
SPDA
SPEA
SPFA
SPGA
SPHA
SPIA
SPJA
SPKA
SPLA
SPMA
SPNA
SPOA
SQAA
SQBA
SQCA
SQDA
SQEA
SQFA
SQGA
SQHA
SQIA
SQJA
SQKA
SQLA
SQMA
SQNA
SQOA
SRAA
SRBA
SRCA
SRDA
SREA
SRFA
SRGA
SRHA
SRIA
SRJA
SRKA
SRLA
SRMA
SRNA
SROA
SSAA
SSBA
SSCA
SSDA
SSEA
SSFA
SSGA
SSHA
SSIA
SSJA
SSKA
SSLA
SSMA
SSNA
SSOA
STAA
STBA
STCA
STDA
STEA
STFA
STGA
STHA
STIA
STJA
STKA
STLA
STMA
STNA
STOA
SUAA
SUBA
SUCA
SUDA
SUEA
SUFA
SUGA
SUHA
SUIA
SUJA
SUKA
SULA
SUMA
SUNA
SVAA
SVBA
SVCA
SVDA
SVEA
SVFA
SVGA
SVHA
SVIA
SVJA
SVKA
SVLA
SVMA
SVNA
SWAA
SWBA
SWCA
SWDA
SWEA
SWFA
SWGA
SWHA
SWIA
SWJA
SWKA
SWLA
SWMA
SWNA
SXAA
SXBA
SXCA
SXDA
SXEA
SXFA
SXGA
SXHA
SXIA
SXJA
SXKA
SXLA
SXMA
SXNA
SYAA
SYBA
SYCA
SYDA
SYEA
SYFA
SYGA
SYHA
SYIA
SYJA
SYKA
SYLA
SYMA
SYNA
SZAA
SZBA
SZCA
SZDA
SZEA
SZFA
SZGA
SZHA
SZIA
SZJA
SZKA
SZLA
SZMA
SZNA
TAAA
TABA
TACA
TADA
TAEA
TAFA
TAGA
TAHA
TAIA
TAJA
TAKA
TALA
TAMA
TANA
TAOA
TBAA
TBBA
TBCA
TBDA
TBEA
TBFA
TBGA
TBHA
TBIA
TBJA
TBKA
TBLA
TBMA
TBNA
TBOA
TCAA
TCBA
TCCA
TCDA
TCEA
TCFA
TCGA
TCHA
TCIA
TCJA
TCKA
TCLA
TCMA
TCNA
TCOA
TDAA
TDBA
TDCA
TDDA
TDEA
TDFA
TDGA
TDHA
TDIA
TDJA
TDKA
TDLA
TDMA
TDNA
TDOA
TEAA
TEBA
TECA
TEDA
TEEA
TEFA
TEGA
TEHA
TEIA
TEJA
TEKA
TELA
TEMA
TENA
TEOA
TFAA
TFBA
TFCA
TFDA
TFEA
TFFA
TFGA
TFHA
TFIA
TFJA
TFKA
TFLA
TFMA
TFNA
TFOA
TGAA
TGBA
TGCA
TGDA
TGEA
TGFA
TGGA
TGHA
TGIA
TGJA
TGKA
TGLA
TGMA
TGNA
TGOA
THAA
THBA
THCA
THDA
THEA
THFA
THGA
THHA
THIA
THJA
THKA
THLA
THMA
THNA
THOA
TIAA
TIBA
TICA
TIDA
TIEA
TIFA
TIGA
TIHA
TIIA
TIJA
TIKA
TILA
TIMA
TINA
TIOA
TJAA
TJBA
TJCA
TJDA
TJEA
TJFA
TJGA
TJHA
TJIA
TJJA
TJKA
TJLA
TJMA
TJNA
TJOA
TKAA
TKBA
TKCA
TKDA
TKEA
TKFA
TKGA
TKHA
TKIA
TKJA
TKKA
TKLA
TKMA
TKNA
TKOA
TLAA
TLBA
TLCA
TLDA
TLEA
TLFA
TLGA
TLHA
TLIA
TLJA
TLKA
TLLA
TLMA
TLNA
TLOA
TMAA
TMBA
TMCA
TMDA
TMEA
TMFA
TMGA
TMHA
TMIA
TMJA
TMKA
TMLA
TMMA
TMNA
TMOA
TNAA
TNBA
TNCA
TNDA
TNEA
TNFA
TNGA
TNHA
TNIA
TNJA
TNKA
TNLA
TNMA
TNNA
TNOA
TOAA
TOBA
TOCA
TODA
TOEA
TOFA
TOGA
TOHA
TOIA
TOJA
TOKA
TOLA
TOMA
TONA
TOOA
TPAA
TPBA
TPCA
TPDA
TPEA
TPFA
TPGA
TPHA
TPIA
TPJA
TPKA
TPLA
TPMA
TPNA
TPOA
TQAA
TQBA
TQCA
TQDA
TQEA
TQFA
TQGA
TQHA
TQIA
TQJA
TQKA
TQLA
TQMA
TQNA
TQOA
TRAA
TRBA
TRCA
TRDA
TREA
TRFA
TRGA
TRHA
TRIA
TRJA
TRKA
TRLA
TRMA
TRNA
TROA
TSAA
TSBA
TSCA
TSDA
TSEA
TSFA
TSGA
TSHA
TSIA
TSJA
TSKA
TSLA
TSMA
TSNA
TSOA
TTAA
TTBA
TTCA
TTDA
TTEA
TTFA
TTGA
TTHA
TTIA
TTJA
TTKA
TTLA
TTMA
TTNA
TTOA
TUAA
TUBA
TUCA
TUDA
TUEA
TUFA
TUGA
TUHA
TUIA
TUJA
TUKA
TULA
TUMA
TUNA
TVAA
TVBA
TVCA
TVDA
TVEA
TVFA
TVGA
TVHA
TVIA
TVJA
TVKA
TVLA
TVMA
TVNA
TWAA
TWBA
TWCA
TWDA
TWEA
TWFA
TWGA
TWHA
TWIA
TWJA
TWKA
TWLA
TWMA
TWNA
TXAA
TXBA
TXCA
TXDA
TXEA
TXFA
TXGA
TXHA
TXIA
TXJA
TXKA
TXLA
TXMA
TXNA
TYAA
TYBA
TYCA
TYDA
TYEA
TYFA
TYGA
TYHA
TYIA
TYJA
TYKA
TYLA
TYMA
TYNA
TZAA
TZBA
TZCA
TZDA
TZEA
TZFA
TZGA
TZHA
TZIA
TZJA
TZKA
TZLA
TZMA
TZNA
UAAA
UABA
UACA
UADA
UAEA
UAFA
UAGA
UAHA
UAIA
UAJA
UAKA
UALA
UAMA
UANA
UAOA
UBAA
UBBA
UBCA
UBDA
UBEA
UBFA
UBGA
UBHA
UBIA
UBJA
UBKA
UBLA
UBMA
UBNA
UBOA
UCAA
UCBA
UCCA
UCDA
UCEA
UCFA
UCGA
UCHA
UCIA
UCJA
UCKA
UCLA
UCMA
UCNA
UCOA
UDAA
UDBA
UDCA
UDDA
UDEA
UDFA
UDGA
UDHA
UDIA
UDJA
UDKA
UDLA
UDMA
UDNA
UDOA
UEAA
UEBA
UECA
UEDA
UEEA
UEFA
UEGA
UEHA
UEIA
UEJA
UEKA
UELA
UEMA
UENA
UEOA
UFAA
UFBA
UFCA
UFDA
UFEA
UFFA
UFGA
UFHA
UFIA
UFJA
UFKA
UFLA
UFMA
UFNA
UFOA
UGAA
UGBA
UGCA
UGDA
UGEA
UGFA
UGGA
UGHA
UGIA
UGJA
UGKA
UGLA
UGMA
UGNA
UGOA
UHAA
UHBA
UHCA
UHDA
UHEA
UHFA
UHGA
UHHA
UHIA
UHJA
UHKA
UHLA
UHMA
UHNA
UHOA
UIAA
UIBA
UICA
UIDA
UIEA
UIFA
UIGA
UIHA
UIIA
UIJA
UIKA
UILA
UIMA
UINA
UIOA
UJAA
UJBA
UJCA
UJDA
UJEA
UJFA
UJGA
UJHA
UJIA
UJJA
UJKA
UJLA
UJMA
UJNA
UJOA
UKAA
UKBA
UKCA
UKDA
UKEA
UKFA
UKGA
UKHA
UKIA
UKJA
UKKA
UKLA
UKMA
UKNA
UKOA
ULAA
ULBA
ULCA
ULDA
ULEA
ULFA
ULGA
ULHA
ULIA
ULJA
ULKA
ULLA
ULMA
ULNA
ULOA
UMAA
UMBA
UMCA
UMDA
UMEA
UMFA
UMGA
UMHA
UMIA
UMJA
UMKA
UMLA
UMMA
UMNA
UMOA
UNAA
UNBA
UNCA
UNDA
UNEA
UNFA
UNGA
UNHA
UNIA
UNJA
UNKA
UNLA
UNMA
UNNA
UNOA
UOAA
UOBA
UOCA
UODA
UOEA
UOFA
UOGA
UOHA
UOIA
UOJA
UOKA
UOLA
UOMA
UONA
UOOA
UPAA
UPBA
UPCA
UPDA
UPEA
UPFA
UPGA
UPHA
UPIA
UPJA
UPKA
UPLA
UPMA
UPNA
UPOA
UQAA
UQBA
UQCA
UQDA
UQEA
UQFA
UQGA
UQHA
UQIA
UQJA
UQKA
UQLA
UQMA
UQNA
UQOA
URAA
URBA
URCA
URDA
UREA
URFA
URGA
URHA
URIA
URJA
URKA
URLA
URMA
URNA
UROA
USAA
USBA
USCA
USDA
USEA
USFA
USGA
USHA
USIA
USJA
USKA
USLA
USMA
USNA
USOA
UTAA
UTBA
UTCA
UTDA
UTEA
UTFA
UTGA
UTHA
UTIA
UTJA
UTKA
UTLA
UTMA
UTNA
UTOA
UUAA
UUBA
UUCA
UUDA
UUEA
UUFA
UUGA
UUHA
UUIA
UUJA
UUKA
UULA
UUMA
UUNA
UVAA
UVBA
UVCA
UVDA
UVEA
UVFA
UVGA
UVHA
UVIA
UVJA
UVKA
UVLA
UVMA
UVNA
UWAA
UWBA
UWCA
UWDA
UWEA
UWFA
UWGA
UWHA
UWIA
UWJA
UWKA
UWLA
UWMA
UWNA
UXAA
UXBA
UXCA
UXDA
UXEA
UXFA
UXGA
UXHA
UXIA
UXJA
UXKA
UXLA
UXMA
UXNA
UYAA
UYBA
UYCA
UYDA
UYEA
UYFA
UYGA
UYHA
UYIA
UYJA
UYKA
UYLA
UYMA
UYNA
UZAA
UZBA
UZCA
UZDA
UZEA
UZFA
UZGA
UZHA
UZIA
UZJA
UZKA
UZLA
UZMA
UZNA
VAAA
VABA
VACA
VADA
VAEA
VAFA
VAGA
VAHA
VAIA
VAJA
VAKA
VALA
VAMA
VANA
VAOA
VBAA
VBBA
VBCA
VBDA
VBEA
VBFA
VBGA
VBHA
VBIA
VBJA
VBKA
VBLA
VBMA
VBNA
VBOA
VCAA
VCBA
VCCA
VCDA
VCEA
VCFA
VCGA
VCHA
VCIA
VCJA
VCKA
VCLA
VCMA
VCNA
VCOA
VDAA
VDBA
VDCA
VDDA
VDEA
VDFA
VDGA
VDHA
VDIA
VDJA
VDKA
VDLA
VDMA
VDNA
VDOA
VEAA
VEBA
VECA
VEDA
VEEA
VEFA
VEGA
VEHA
VEIA
VEJA
VEKA
VELA
VEMA
VENA
VEOA
VFAA
VFBA
VFCA
VFDA
VFEA
VFFA
VFGA
VFHA
VFIA
VFJA
VFKA
VFLA
VFMA
VFNA
VFOA
VGAA
VGBA
VGCA
VGDA
VGEA
VGFA
VGGA
VGHA
VGIA
VGJA
VGKA
VGLA
VGMA
VGNA
VGOA
VHAA
VHBA
VHCA
VHDA
VHEA
VHFA
VHGA
VHHA
VHIA
VHJA
VHKA
VHLA
VHMA
VHNA
VHOA
VIAA
VIBA
VICA
VIDA
VIEA
VIFA
VIGA
VIHA
VIIA
VIJA
VIKA
VILA
VIMA
VINA
VIOA
VJAA
VJBA
VJCA
VJDA
VJEA
VJFA
VJGA
VJHA
VJIA
VJJA
VJKA
VJLA
VJMA
VJNA
VJOA
VKAA
VKBA
VKCA
VKDA
VKEA
VKFA
VKGA
VKHA
VKIA
VKJA
VKKA
VKLA
VKMA
VKNA
VKOA
VLAA
VLBA
VLCA
VLDA
VLEA
VLFA
VLGA
VLHA
VLIA
VLJA
VLKA
VLLA
VLMA
VLNA
VLOA
VMAA
VMBA
VMCA
VMDA
VMEA
VMFA
VMGA
VMHA
VMIA
VMJA
VMKA
VMLA
VMMA
VMNA
VMOA
VNAA
VNBA
VNCA
VNDA
VNEA
VNFA
VNGA
VNHA
VNIA
VNJA
VNKA
VNLA
VNMA
VNNA
VNOA
VOAA
VOBA
VOCA
VODA
VOEA
VOFA
VOGA
VOHA
VOIA
VOJA
VOKA
VOLA
VOMA
VONA
VOOA
VPAA
VPBA
VPCA
VPDA
VPEA
VPFA
VPGA
VPHA
VPIA
VPJA
VPKA
VPLA
VPMA
VPNA
VPOA
VQAA
VQBA
VQCA
VQDA
VQEA
VQFA
VQGA
VQHA
VQIA
VQJA
VQKA
VQLA
VQMA
VQNA
VQOA
VRAA
VRBA
VRCA
VRDA
VREA
VRFA
VRGA
VRHA
VRIA
VRJA
VRKA
VRLA
VRMA
VRNA
VROA
VSAA
VSBA
VSCA
VSDA
VSEA
VSFA
VSGA
VSHA
VSIA
VSJA
VSKA
VSLA
VSMA
VSNA
VSOA
VTAA
VTBA
VTCA
VTDA
VTEA
VTFA
VTGA
VTHA
VTIA
VTJA
VTKA
VTLA
VTMA
VTNA
VTOA
VUAA
VUBA
VUCA
VUDA
VUEA
VUFA
VUGA
VUHA
VUIA
VUJA
VUKA
VULA
VUMA
VUNA
VVAA
VVBA
VVCA
VVDA
VVEA
VVFA
VVGA
VVHA
VVIA
VVJA
VVKA
VVLA
VVMA
VVNA
VWAA
VWBA
VWCA
VWDA
VWEA
VWFA
VWGA
VWHA
VWIA
VWJA
VWKA
VWLA
VWMA
VWNA
VXAA
VXBA
VXCA
VXDA
VXEA
VXFA
VXGA
VXHA
VXIA
VXJA
VXKA
VXLA
VXMA
VXNA
VYAA
VYBA
VYCA
VYDA
VYEA
VYFA
VYGA
VYHA
VYIA
VYJA
VYKA
VYLA
VYMA
VYNA
VZAA
VZBA
VZCA
VZDA
VZEA
VZFA
VZGA
VZHA
VZIA
VZJA
VZKA
VZLA
VZMA
VZNA
WAAA
WABA
WACA
WADA
WAEA
WAFA
WAGA
WAHA
WAIA
WAJA
WAKA
WALA
WAMA
WANA
WAOA
WBAA
WBBA
WBCA
WBDA
WBEA
WBFA
WBGA
WBHA
WBIA
WBJA
WBKA
WBLA
WBMA
WBNA
WBOA
WCAA
WCBA
WCCA
WCDA
WCEA
WCFA
WCGA
WCHA
WCIA
WCJA
WCKA
WCLA
WCMA
WCNA
WCOA
WDAA
WDBA
WDCA
WDDA
WDEA
WDFA
WDGA
WDHA
WDIA
WDJA
WDKA
WDLA
WDMA
WDNA
WDOA
WEAA
WEBA
WECA
WEDA
WEEA
WEFA
WEGA
WEHA
WEIA
WEJA
WEKA
WELA
WEMA
WENA
WEOA
WFAA
WFBA
WFCA
WFDA
WFEA
WFFA
WFGA
WFHA
WFIA
WFJA
WFKA
WFLA
WFMA
WFNA
WFOA
WGAA
WGBA
WGCA
WGDA
WGEA
WGFA
WGGA
WGHA
WGIA
WGJA
WGKA
WGLA
WGMA
WGNA
WGOA
WHAA
WHBA
WHCA
WHDA
WHEA
WHFA
WHGA
WHHA
WHIA
WHJA
WHKA
WHLA
WHMA
WHNA
WHOA
WIAA
WIBA
WICA
WIDA
WIEA
WIFA
WIGA
WIHA
WIIA
WIJA
WIKA
WILA
WIMA
WINA
WIOA
WJAA
WJBA
WJCA
WJDA
WJEA
WJFA
WJGA
WJHA
WJIA
WJJA
WJKA
WJLA
WJMA
WJNA
WJOA
WKAA
WKBA
WKCA
WKDA
WKEA
WKFA
WKGA
WKHA
WKIA
WKJA
WKKA
WKLA
WKMA
WKNA
WKOA
WLAA
WLBA
WLCA
WLDA
WLEA
WLFA
WLGA
WLHA
WLIA
WLJA
WLKA
WLLA
WLMA
WLNA
WLOA
WMAA
WMBA
WMCA
WMDA
WMEA
WMFA
WMGA
WMHA
WMIA
WMJA
WMKA
WMLA
WMMA
WMNA
WMOA
WNAA
WNBA
WNCA
WNDA
WNEA
WNFA
WNGA
WNHA
WNIA
WNJA
WNKA
WNLA
WNMA
WNNA
WNOA
WOAA
WOBA
WOCA
WODA
WOEA
WOFA
WOGA
WOHA
WOIA
WOJA
WOKA
WOLA
WOMA
WONA
WOOA
WPAA
WPBA
WPCA
WPDA
WPEA
WPFA
WPGA
WPHA
WPIA
WPJA
WPKA
WPLA
WPMA
WPNA
WPOA
WQAA
WQBA
WQCA
WQDA
WQEA
WQFA
WQGA
WQHA
WQIA
WQJA
WQKA
WQLA
WQMA
WQNA
WQOA
WRAA
WRBA
WRCA
WRDA
WREA
WRFA
WRGA
WRHA
WRIA
WRJA
WRKA
WRLA
WRMA
WRNA
WROA
WSAA
WSBA
WSCA
WSDA
WSEA
WSFA
WSGA
WSHA
WSIA
WSJA
WSKA
WSLA
WSMA
WSNA
WSOA
WTAA
WTBA
WTCA
WTDA
WTEA
WTFA
WTGA
WTHA
WTIA
WTJA
WTKA
WTLA
WTMA
WTNA
WTOA
WUAA
WUBA
WUCA
WUDA
WUEA
WUFA
WUGA
WUHA
WUIA
WUJA
WUKA
WULA
WUMA
WUNA
WVAA
WVBA
WVCA
WVDA
WVEA
WVFA
WVGA
WVHA
WVIA
WVJA
WVKA
WVLA
WVMA
WVNA
WWAA
WWBA
WWCA
WWDA
WWEA
WWFA
WWGA
WWHA
WWIA
WWJA
WWKA
WWLA
WWMA
WWNA
WXAA
WXBA
WXCA
WXDA
WXEA
WXFA
WXGA
WXHA
WXIA
WXJA
WXKA
WXLA
WXMA
WXNA
WYAA
WYBA
WYCA
WYDA
WYEA
WYFA
WYGA
WYHA
WYIA
WYJA
WYKA
WYLA
WYMA
WYNA
WZAA
WZBA
WZCA
WZDA
WZEA
WZFA
WZGA
WZHA
WZIA
WZJA
WZKA
WZLA
WZMA
WZNA
XAAA
XABA
XACA
XADA
XAEA
XAFA
XAGA
XAHA
XAIA
XAJA
XAKA
XALA
XAMA
XANA
XAOA
XBAA
XBBA
XBCA
XBDA
XBEA
XBFA
XBGA
XBHA
XBIA
XBJA
XBKA
XBLA
XBMA
XBNA
XBOA
XCAA
XCBA
XCCA
XCDA
XCEA
XCFA
XCGA
XCHA
XCIA
XCJA
XCKA
XCLA
XCMA
XCNA
XCOA
XDAA
XDBA
XDCA
XDDA
XDEA
XDFA
XDGA
XDHA
XDIA
XDJA
XDKA
XDLA
XDMA
XDNA
XDOA
XEAA
XEBA
XECA
XEDA
XEEA
XEFA
XEGA
XEHA
XEIA
XEJA
XEKA
XELA
XEMA
XENA
XEOA
XFAA
XFBA
XFCA
XFDA
XFEA
XFFA
XFGA
XFHA
XFIA
XFJA
XFKA
XFLA
XFMA
XFNA
XFOA
XGAA
XGBA
XGCA
XGDA
XGEA
XGFA
XGGA
XGHA
XGIA
XGJA
XGKA
XGLA
XGMA
XGNA
XGOA
XHAA
XHBA
XHCA
XHDA
XHEA
XHFA
XHGA
XHHA
XHIA
XHJA
XHKA
XHLA
XHMA
XHNA
XHOA
XIAA
XIBA
XICA
XIDA
XIEA
XIFA
XIGA
XIHA
XIIA
XIJA
XIKA
XILA
XIMA
XINA
XIOA
XJAA
XJBA
XJCA
XJDA
XJEA
XJFA
XJGA
XJHA
XJIA
XJJA
XJKA
XJLA
XJMA
XJNA
XJOA
XKAA
XKBA
XKCA
XKDA
XKEA
XKFA
XKGA
XKHA
XKIA
XKJA
XKKA
XKLA
XKMA
XKNA
XKOA
XLAA
XLBA
XLCA
XLDA
XLEA
XLFA
XLGA
XLHA
XLIA
XLJA
XLKA
XLLA
XLMA
XLNA
XLOA
XMAA
XMBA
XMCA
XMDA
XMEA
XMFA
XMGA
XMHA
XMIA
XMJA
XMKA
XMLA
XMMA
XMNA
XMOA
XNAA
XNBA
XNCA
XNDA
XNEA
XNFA
XNGA
XNHA
XNIA
XNJA
XNKA
XNLA
XNMA
XNNA
XNOA
XOAA
XOBA
XOCA
XODA
XOEA
XOFA
XOGA
XOHA
XOIA
XOJA
XOKA
XOLA
XOMA
XONA
XOOA
XPAA
XPBA
XPCA
XPDA
XPEA
XPFA
XPGA
XPHA
XPIA
XPJA
XPKA
XPLA
XPMA
XPNA
XPOA
XQAA
XQBA
XQCA
XQDA
XQEA
XQFA
XQGA
XQHA
XQIA
XQJA
XQKA
XQLA
XQMA
XQNA
XQOA
XRAA
XRBA
XRCA
XRDA
XREA
XRFA
XRGA
XRHA
XRIA
XRJA
XRKA
XRLA
XRMA
XRNA
XROA
XSAA
XSBA
XSCA
XSDA
XSEA
XSFA
XSGA
XSHA
XSIA
XSJA
XSKA
XSLA
XSMA
XSNA
XSOA
XTAA
XTBA
XTCA
XTDA
XTEA
XTFA
XTGA
XTHA
XTIA
XTJA
XTKA
XTLA
XTMA
XTNA
XTOA
XUAA
XUBA
XUCA
XUDA
XUEA
XUFA
XUGA
XUHA
XUIA
XUJA
XUKA
XULA
XUMA
XUNA
XVAA
XVBA
XVCA
XVDA
XVEA
XVFA
XVGA
XVHA
XVIA
XVJA
XVKA
XVLA
XVMA
XVNA
XWAA
XWBA
XWCA
XWDA
XWEA
XWFA
XWGA
XWHA
XWIA
XWJA
XWKA
XWLA
XWMA
XWNA
XXAA
XXBA
XXCA
XXDA
XXEA
XXFA
XXGA
XXHA
XXIA
XXJA
XXKA
XXLA
XXMA
XXNA
XYAA
XYBA
XYCA
XYDA
XYEA
XYFA
XYGA
XYHA
XYIA
XYJA
XYKA
XYLA
XYMA
XYNA
XZAA
XZBA
XZCA
XZDA
XZEA
XZFA
XZGA
XZHA
XZIA
XZJA
XZKA
XZLA
XZMA
XZNA
YAAA
YABA
YACA
YADA
YAEA
YAFA
YAGA
YAHA
YAIA
YAJA
YAKA
YALA
YAMA
YANA
YAOA
YBAA
YBBA
YBCA
YBDA
YBEA
YBFA
YBGA
YBHA
YBIA
YBJA
YBKA
YBLA
YBMA
YBNA
YBOA
YCAA
YCBA
YCCA
YCDA
YCEA
YCFA
YCGA
YCHA
YCIA
YCJA
YCKA
YCLA
YCMA
YCNA
YCOA
YDAA
YDBA
YDCA
YDDA
YDEA
YDFA
YDGA
YDHA
YDIA
YDJA
YDKA
YDLA
YDMA
YDNA
YDOA
YEAA
YEBA
YECA
YEDA
YEEA
YEFA
YEGA
YEHA
YEIA
YEJA
YEKA
YELA
YEMA
YENA
YEOA
YFAA
YFBA
YFCA
YFDA
YFEA
YFFA
YFGA
YFHA
YFIA
YFJA
YFKA
YFLA
YFMA
YFNA
YFOA
YGAA
YGBA
YGCA
YGDA
YGEA
YGFA
YGGA
YGHA
YGIA
YGJA
YGKA
YGLA
YGMA
YGNA
YGOA
YHAA
YHBA
YHCA
YHDA
YHEA
YHFA
YHGA
YHHA
YHIA
YHJA
YHKA
YHLA
YHMA
YHNA
YHOA
YIAA
YIBA
YICA
YIDA
YIEA
YIFA
YIGA
YIHA
YIIA
YIJA
YIKA
YILA
YIMA
YINA
YIOA
YJAA
YJBA
YJCA
YJDA
YJEA
YJFA
YJGA
YJHA
YJIA
YJJA
YJKA
YJLA
YJMA
YJNA
YJOA
YKAA
YKBA
YKCA
YKDA
YKEA
YKFA
YKGA
YKHA
YKIA
YKJA
YKKA
YKLA
YKMA
YKNA
YKOA
YLAA
YLBA
YLCA
YLDA
YLEA
YLFA
YLGA
YLHA
YLIA
YLJA
YLKA
YLLA
YLMA
YLNA
YLOA
YMAA
YMBA
YMCA
YMDA
YMEA
YMFA
YMGA
YMHA
YMIA
YMJA
YMKA
YMLA
YMMA
YMNA
YMOA
YNAA
YNBA
YNCA
YNDA
YNEA
YNFA
YNGA
YNHA
YNIA
YNJA
YNKA
YNLA
YNMA
YNNA
YNOA
YOAA
YOBA
YOCA
YODA
YOEA
YOFA
YOGA
YOHA
YOIA
YOJA
YOKA
YOLA
YOMA
YONA
YOOA
YPAA
YPBA
YPCA
YPDA
YPEA
YPFA
YPGA
YPHA
YPIA
YPJA
YPKA
YPLA
YPMA
YPNA
YPOA
YQAA
YQBA
YQCA
YQDA
YQEA
YQFA
YQGA
YQHA
YQIA
YQJA
YQKA
YQLA
YQMA
YQNA
YQOA
YRAA
YRBA
YRCA
YRDA
YREA
YRFA
YRGA
YRHA
YRIA
YRJA
YRKA
YRLA
YRMA
YRNA
YROA
YSAA
YSBA
YSCA
YSDA
YSEA
YSFA
YSGA
YSHA
YSIA
YSJA
YSKA
YSLA
YSMA
YSNA
YSOA
YTAA
YTBA
YTCA
YTDA
YTEA
YTFA
YTGA
YTHA
YTIA
YTJA
YTKA
YTLA
YTMA
YTNA
YTOA
YUAA
YUBA
YUCA
YUDA
YUEA
YUFA
YUGA
YUHA
YUIA
YUJA
YUKA
YULA
YUMA
YUNA
YVAA
YVBA
YVCA
YVDA
YVEA
YVFA
YVGA
YVHA
YVIA
YVJA
YVKA
YVLA
YVMA
YVNA
YWAA
YWBA
YWCA
YWDA
YWEA
YWFA
YWGA
YWHA
YWIA
YWJA
YWKA
YWLA
YWMA
YWNA
YXAA
YXBA
YXCA
YXDA
YXEA
YXFA
YXGA
YXHA
YXIA
YXJA
YXKA
YXLA
YXMA
YXNA
YYAA
YYBA
YYCA
YYDA
YYEA
YYFA
YYGA
YYHA
YYIA
YYJA
YYKA
YYLA
YYMA
YYNA
YZAA
YZBA
YZCA
YZDA
YZEA
YZFA
YZGA
YZHA
YZIA
YZJA
YZKA
YZLA
YZMA
YZNA
ZAAA
ZABA
ZACA
ZADA
ZAEA
ZAFA
ZAGA
ZAHA
ZAIA
ZAJA
ZAKA
ZALA
ZAMA
ZANA
ZAOA
ZBAA
ZBBA
ZBCA
ZBDA
ZBEA
ZBFA
ZBGA
ZBHA
ZBIA
ZBJA
ZBKA
ZBLA
ZBMA
ZBNA
ZBOA
ZCAA
ZCBA
ZCCA
ZCDA
ZCEA
ZCFA
ZCGA
ZCHA
ZCIA
ZCJA
ZCKA
ZCLA
ZCMA
ZCNA
ZCOA
ZDAA
ZDBA
ZDCA
ZDDA
ZDEA
ZDFA
ZDGA
ZDHA
ZDIA
ZDJA
ZDKA
ZDLA
ZDMA
ZDNA
ZDOA
ZEAA
ZEBA
ZECA
ZEDA
ZEEA
ZEFA
ZEGA
ZEHA
ZEIA
ZEJA
ZEKA
ZELA
ZEMA
ZENA
ZEOA
ZFAA
ZFBA
ZFCA
ZFDA
ZFEA
ZFFA
ZFGA
ZFHA
ZFIA
ZFJA
ZFKA
ZFLA
ZFMA
ZFNA
ZFOA
ZGAA
ZGBA
ZGCA
ZGDA
ZGEA
ZGFA
ZGGA
ZGHA
ZGIA
ZGJA
ZGKA
ZGLA
ZGMA
ZGNA
ZGOA
ZHAA
ZHBA
ZHCA
ZHDA
ZHEA
ZHFA
ZHGA
ZHHA
ZHIA
ZHJA
ZHKA
ZHLA
ZHMA
ZHNA
ZHOA
ZIAA
ZIBA
ZICA
ZIDA
ZIEA
ZIFA
ZIGA
ZIHA
ZIIA
ZIJA
ZIKA
ZILA
ZIMA
ZINA
ZIOA
ZJAA
ZJBA
ZJCA
ZJDA
ZJEA
ZJFA
ZJGA
ZJHA
ZJIA
ZJJA
ZJKA
ZJLA
ZJMA
ZJNA
ZJOA
ZKAA
ZKBA
ZKCA
ZKDA
ZKEA
ZKFA
ZKGA
ZKHA
ZKIA
ZKJA
ZKKA
ZKLA
ZKMA
ZKNA
ZKOA
ZLAA
ZLBA
ZLCA
ZLDA
ZLEA
ZLFA
ZLGA
ZLHA
ZLIA
ZLJA
ZLKA
ZLLA
ZLMA
ZLNA
ZLOA
ZMAA
ZMBA
ZMCA
ZMDA
ZMEA
ZMFA
ZMGA
ZMHA
ZMIA
ZMJA
ZMKA
ZMLA
ZMMA
ZMNA
ZMOA
ZNAA
ZNBA
ZNCA
ZNDA
ZNEA
ZNFA
ZNGA
ZNHA
ZNIA
ZNJA
ZNKA
ZNLA
ZNMA
ZNNA
ZNOA
ZOAA
ZOBA
ZOCA
ZODA
ZOEA
ZOFA
ZOGA
ZOHA
ZOIA
ZOJA
ZOKA
ZOLA
ZOMA
ZONA
ZOOA
ZPAA
ZPBA
ZPCA
ZPDA
ZPEA
ZPFA
ZPGA
ZPHA
ZPIA
ZPJA
ZPKA
ZPLA
ZPMA
ZPNA
ZPOA
ZQAA
ZQBA
ZQCA
ZQDA
ZQEA
ZQFA
ZQGA
ZQHA
ZQIA
ZQJA
ZQKA
ZQLA
ZQMA
ZQNA
ZQOA
ZRAA
ZRBA
ZRCA
ZRDA
ZREA
ZRFA
ZRGA
ZRHA
ZRIA
ZRJA
ZRKA
ZRLA
ZRMA
ZRNA
ZROA
ZSAA
ZSBA
ZSCA
ZSDA
ZSEA
ZSFA
ZSGA
ZSHA
ZSIA
ZSJA
ZSKA
ZSLA
ZSMA
ZSNA
ZSOA
ZTAA
ZTBA
ZTCA
ZTDA
ZTEA
ZTFA
ZTGA
ZTHA
ZTIA
ZTJA
ZTKA
ZTLA
ZTMA
ZTNA
ZTOA
ZUAA
ZUBA
ZUCA
ZUDA
ZUEA
ZUFA
ZUGA
ZUHA
ZUIA
ZUJA
ZUKA
ZULA
ZUMA
ZUNA
ZVAA
ZVBA
ZVCA
ZVDA
ZVEA
ZVFA
ZVGA
ZVHA
ZVIA
ZVJA
ZVKA
ZVLA
ZVMA
ZVNA
ZWAA
ZWBA
ZWCA
ZWDA
ZWEA
ZWFA
ZWGA
ZWHA
ZWIA
ZWJA
ZWKA
ZWLA
ZWMA
ZWNA
ZXAA
ZXBA
ZXCA
ZXDA
ZXEA
ZXFA
ZXGA
ZXHA
ZXIA
ZXJA
ZXKA
ZXLA
ZXMA
ZXNA
ZYAA
ZYBA
ZYCA
ZYDA
ZYEA
ZYFA
ZYGA
ZYHA
ZYIA
ZYJA
ZYKA
ZYLA
ZYMA
ZYNA
ZZAA
ZZBA
ZZCA
ZZDA
ZZEA
ZZFA
ZZGA
ZZHA
ZZIA
ZZJA
ZZKA
ZZLA
ZZMA
ZZNA
