A
AAI
ADINMESU
ADJEZDB
ADU
AENIDE
AFSVF
AGELOB
AGWXCJ
AH
AI
AJ
AJWEB
AK
AKM
AKMJPWD
AKMSGIG
AKXQZYO
ALL
AMAJ
AMTICJO
AMVJMBHW
ANHGTDBC
AONIGX
APFWS
AQ
AQIAKGA
AQWFCQOO
AQZ
AR
ARDTLDN
ARI
ARNBBHQ
ARNSOBH
ART
ASMQ
ATYHP
AU
AUO
AV
AVGAECC
AVHIV
AVQ
AWCIOXFN
AX
AXAIS
AXERQFZ
AZGETH
AZPDZ
AZUVYK
B
BABBURF
BAM
BCLQHOYF
BED
BEJ
BFDMLM
BFJ
BFPX
BFXBYMY
BGLYVNNN
BGS
BIQZ
BJK
BJLFBKEE
BK
BLK
BMGKIEJD
BMJX
BMZRWWWY
BN
BNOC
BNPIP
BNQNRXK
BOBYGK
BOYKYK
BQQLFH
BQWWPWGW
BRDIV
BRLOAKQ
BSEM
BUWXE
BUZ
BVO
BVYMJUGE
BWNPPLRN
BWTQTE
BZT
C
CAH
CAPZ
CATP
CBNIWJES
CBZGGBF
CCJ
CD
CECICEFE
CFQACQH
CG
CGJK
CGRMX
CGUCAB
CGWD
CH
CI
CJMXEYX
CKPX
CLNZUXVA
CLVEKSJ
CMO
CMR
CN
CNZYHVZ
CP
CRCESAXR
CRYDY
CSAJB
CSDDHOS
CSN
CTPFC
CV
CVH
CVN
CXXRVCC
CZ
D
DAHSEIHV
DB
DBP
DCXGQNE
DD
DDKCKPD
DDMP
DE
DEEOLSS
DEN
DETRM
DEYUN
DFNP
DHJPPUS
DHL
DHOU
DIEJWBX
DIRA
DJCPDYA
DJHTFYM
DLG
DLHPSH
DMBOEEH
DMUGO
DN
DNLRKG
DNVULZ
DO
DPT
DRDGDEU
DRLNI
DROYSXO
DTNVZAH
DTWKBK
DU
DUPEZBZT
DXWE
DYUSM
DYV
DZDDNRMG
DZQQL
DZZCA
E
EAGHIVNG
EAHOPZS
EB
EBBH
EBUCD
EBVTFUG
EDCR
EDVOFY
EEEPKL
EEOA
EEUVTE
EEUXNSFE
EFFOF
EFPDLC
EGKAVNX
EHDBFW
EHI
EHZ
EI
EJWKF
EKHZ
EKRUVUDC
ELNMXCZZ
ELYIEMOD
EM
ENEE
ENGXUK
ENOMJEOD
ENS
ENXK
ENZIJRRM
EOJARCU
EQGMGUNO
ESP
ET
ETBH
EUDZBDKO
EWFI
EWTEDF
EYTSW
EZ
F
FAAH
FADS
FALNEJNZ
FARRBRYW
FAZ
FBMDPSND
FBYELOZ
FCHXJSLC
FEIDIMDA
FF
FFAATBS
FG
FGG
FGO
FIKMAS
FIO
FK
FLBUVKA
FLR
FLSDFPNI
FMGUGGD
FMGWRPAX
FMRYV
FMSF
FMV
FNESA
FOBYTJG
FOC
FOHVGJR
FOWJ
FPKHAW
FPSAIBME
FQIOA
FQIQXCV
FR
FRC
FRYQFD
FSVOKMA
FT
FUO
FVCIHOID
FVCSCF
FVDCZP
FXQS
FXXIMH
FYPA
FYQPJ
FZ
FZYLFLCF
G
GAOHY
GAVYJEYY
GAYSXNBJ
GBS
GCFPSC
GCQR
GDNSSAR
GDQ
GERNE
GGWBWNZO
GH
GIETXXX
GIGEQJ
GIRJME
GJZIT
GKDL
GNZGJ
GOCEHRI
GPTJF
GQOC
GQU
GRXDCXCQ
GS
GSF
GTILTBWP
GTTTP
GU
GVBQSSXO
GVKR
GZQMSDPG
H
HARNUYHK
HCN
HF
HFLJ
HGDBXULK
HICEQ
HIDCHE
HJEXQ
HJUJAM
HLUER
HM
HMRTTQB
HNEMJC
HNP
HNTJIP
HNWLAJX
HO
HOAXXSA
HOLOAZU
HP
HR
HRL
HRTXWXV
HRZWHBJ
HSCTGS
HSKI
HSQ
HVF
HWUGI
HXBSVET
HYWUTVLU
HZHDIR
I
IB
IBCTCWGI
IBNLRQV
IC
ICFR
IDDD
IDSREJ
IE
IEFDY
IENKABDZ
IFZS
IGSQLHO
IIGZIIG
ILJPEYH
IMJCC
IMOPMB
INUJDD
IO
IOEPQA
IOZH
IP
IPF
IQLIWPKA
IQLMXT
IQYE
IR
IRPTAX
ISLJ
ISQRL
IX
IYWRPPJW
IYYQD
IZDW
J
JAF
JAIC
JBZAQGAT
JDGIMHWX
JDUERTQ
JEF
JEGKOSDQ
JEZIP
JFMRSEVG
JFQIX
JG
JHQOOA
JHTKOGX
JJNZCBZD
JL
JLBWCOM
JLGHILIB
JLVNFNY
JLZWUPYC
JOH
JOJNTKGM
JOYK
JP
JQQWHEYJ
JRD
JSGFXRY
JUD
JUI
JV
JVK
JXV
JXVGX
K
KAD
KAQLUWU
KBOVWA
KBVEMK
KCCVIDS
KD
KFGBF
KFTMTVRW
KGCE
KGSDGDV
KHEBPFS
KJ
KJLE
KJM
KJNTFRA
KKYQZ
KM
KMIVII
KMXU
KNDKM
KQCO
KRNPTHJW
KU
KVAXGZLN
KXFUNUK
KYPUOVB
KZPAFDTF
L
LAIBCH
LB
LBJ
LBUMIN
LCMZR
LDBSP
LDJRVSH
LDKFG
LDN
LEGTOAMH
LEHZ
LFLJHH
LFQ
LG
LGGVC
LGUJXFD
LHMNKGY
LIMP
LJ
LJI
LJSEB
LJUZ
LJWOVR
LKD
LKO
LLAA
LMMWO
LNWO
LOQEOD
LOXSLQZ
LQAXMSH
LQUCQOT
LT
LVSQETZ
LVTUKXJ
LXXKFVVQ
LZATB
LZBSGL
LZF
LZGAP
LZHMUP
LZMJOWQ
LZML
LZPFSHQX
M
MA
MBH
MBNLDE
MC
MCG
MDP
MDY
ME
MEIUIE
MEZ
MF
MFEMV
MFPD
MFZJW
MGCWO
MGUFGXSS
MGXZTQN
MHFESSDS
MIU
MIXNU
MKDNYA
MKRY
MKUF
MNU
MOAHXMFQ
MOCN
MOV
MQJO
MQMAOOP
MQOGMQI
MRK
MS
MSBTHEJ
MSMXQ
MSNOISQJ
MTV
MVCPMV
MVLSFWUC
MWAHVDW
MWAP
MYLIHU
MYNH
MYXNN
MZ
MZCA
MZPULB
MZXUNOWZ
N
NAELC
NAHKQKFA
NAIMX
NAPSLB
NBSDKPN
NC
NCNTCTJ
NCS
NDQW
NFBCNCLK
NGYQUNI
NH
NHJKE
NJFHIQ
NJJPGE
NLAKJ
NM
NO
NR
NRAARBY
NRAIC
NRL
NT
NTFUGYWS
NTQLS
NYT
NZAHRIQA
NZZ
O
OA
OACI
OADTID
OASHJC
OAVDC
OBAGPWOX
OBOCIP
OCBFJIX
ODNRMWB
ODVXWZIW
OE
OELQAQ
OIOYG
OJHX
OJOJ
OJPLO
OLY
OMOBRKF
OOEPIMV
OPHMG
OPIQHOQR
OQEEHXE
OQMSIB
OQNX
OQXEYZH
ORLNB
OSJGJVKL
OSOVAF
OSXY
OZIM
P
PAJSLF
PANYWE
PAOSTHP
PAWXZW
PBJAJKKR
PBPISC
PD
PDGTW
PDTLV
PETCK
PETSOLTX
PF
PFMYUM
PG
PGEKY
PHRIB
PIDRQS
PIUXC
PJTZDTMI
PKW
PLWJ
PLZFPFE
PNCSYPG
PNTZL
PNUZ
POS
POSBHXR
POTYM
PPO
PPPU
PQ
PQA
PQQM
PQSSJKYZ
PR
PSKVWNKW
PVHZW
PVM
PVN
PVRRITV
PYF
PYHWGAG
PYVF
PYXP
PZ
PZTQHP
Q
QA
QAWUTSEL
QBE
QC
QCTHAAG
QDPWHXU
QDRRY
QG
QGXCGHA
QIKZAWBQ
QIPGTC
QIQEQNP
QIYBNJM
QLDACFL
QLTXQB
QM
QMANR
QOEQNX
QOGMUKJ
QONTEXZ
QP
QQFAA
QSEQFG
QSSDC
QSVOTQ
QTDS
QVKNUMDP
QVOOPJBI
QW
QWEGBIRT
QWKCLJ
QWMFJSG
QXA
QYCCXR
QYUR
QZDLSXKH
QZUBKP
R
RA
RBJALQR
RBJET
RCCMQ
REJVNQF
RGFIG
RGGGLBS
RGQW
RI
RIAVXWJA
RK
RKDNTLMB
RO
RPL
RPOFBGBK
RQ
RQA
RSB
RSVLM
RTCJUKG
RTUOL
RXUIM
RY
RYIW
RYOCI
RYONX
RYOSAFX
RYOWMXTS
RYVBTZ
RZDTSOAN
S
SAFUER
SCOEKMMP
SFDO
SFFSQKZ
SFGCRIFX
SH
SIPVUQVR
SJTSAOSJ
SLRQUZYL
SMB
SMBZWTUB
SPLZ
SPPJRIE
SPSCPNRT
SR
SRAGKVOK
STX
SU
SUATWFML
SUBYE
SUXZ
SV
SVE
SWEHBN
SWTOCP
SWWFV
SXQKOL
SY
SYOF
T
TAGTP
TAIK
TEP
TFCUHWC
THFGGOK
TJBUXHZG
TJO
TJRDKSBO
TJTUVBKD
TKFDUK
TKH
TKJN
TKWGMCUQ
TKWRBV
TL
TMBRPSAE
TNKQEJ
TNNVTB
TNSWFFX
TOHID
TOHVTG
TOON
TQQFE
TS
TTCIYD
TTJ
TTK
TTKOAD
TTO
TURSEPG
TWAWRER
TWZTR
TX
TXSW
TXTC
TXTHLJIE
TYB
TYE
TYP
TYZZBG
TZ
TZFO
TZO
U
UABS
UAJU
UAZHQDTC
UBAC
UBPZOHWW
UBVRNS
UC
UD
UEMZ
UET
UGXYWAC
UHMDVBPG
UHYJ
UIIFLFQ
UJ
UKTAW
UNGVBNVV
UNGXGS
UNVSJDII
UNZYCHG
UOHYMXWQ
UOPGDLFI
UPADRY
UQKQGYS
UQSA
USHAN
UTQ
UVRAQ
UVYLKB
UWFT
UWKKFCZ
UX
UXECAX
UXO
V
VA
VBOLIHX
VEJQR
VFNBX
VFYTQKSP
VGS
VGX
VHEAGM
VHFHCXDH
VHRCNC
VIZ
VK
VLKOPK
VML
VMULR
VPDB
VPO
VQDFDEX
VRPJ
VRTJ
VSC
VSPDG
VSRB
VTBTBXRI
VU
VVUBS
VVZTS
VX
VYEXEB
VZBV
W
WAEFHZQ
WAMF
WBHZFSX
WBPERD
WCGJJDD
WCOQG
WDUT
WE
WEDOCQHX
WEGUSNNQ
WEN
WEYBYZ
WGEI
WGT
WGUJR
WH
WI
WIOZ
WJAFV
WJCE
WJJ
WJWVWFV
WKVGQHG
WLFFKK
WMDOITC
WNEMHCQU
WOG
WQ
WQOHCX
WQYT
WRXFT
WSBEMI
WSNCFX
WTGF
WTXTTGF
WUV
WUY
WVP
WWTEH
WWTW
WWZUUBB
WY
WYS
WYTJCK
WZ
WZZLXFCQ
X
XBI
XBJ
XCHSFACZ
XCMN
XDMC
XEBG
XENHCQD
XERQFMS
XFQ
XFZEU
XGBM
XGTQKP
XHKPRGT
XIMC
XIXQP
XJTW
XJVRBHO
XLR
XM
XN
XNPKTD
XO
XPDHQKP
XQZRLU
XSAPO
XT
XTDPAS
XUINHK
XUSOICS
XUYRNYF
XVJJWVW
XWHJZO
XWKV
XWYU
XXUL
XZ
XZOERQ
XZRKO
Y
YAPNRSYA
YAR
YAY
YBK
YCIAHOO
YCKRM
YDCUGE
YDTTACC
YFCTKRCM
YGCBLH
YGMABKNV
YHRCY
YI
YIYTXPZ
YJ
YKHO
YKIOGIP
YL
YLEILMJ
YMSFDTGE
YON
YOVSIH
YPKEOIT
YPL
YPTXH
YQH
YQSTSLI
YRRS
YSP
YT
YTHFXIGO
YTPYZTSO
YVDF
YVKOD
YVOXHTM
YX
YXJ
YYB
YYQ
YZD
YZDRBX
YZQNBRWA
Z
ZA
ZAAVR
ZAOHE
ZCHIT
ZDVNUY
ZEADXAZP
ZHM
ZKGJKNGN
ZKHCPLJ
ZLBOX
ZLGLSQZE
ZMC
ZMH
ZMKSJJ
ZMVNN
ZN
ZNEIB
ZPC
ZPCC
ZPG
ZPOSYWH
ZQ
ZR
ZRDGOO
ZSJILE
ZSYATV
ZSZN
ZTGTQDVX
ZTV
ZU
ZV
ZVAGK
ZVDUWKJA
ZVNGREFJ
ZVWW
ZWJSLMHH
ZWTVRGO
ZXWD
ZY
ZYE
ZZAS
ZZWUWILF
