AASD
ABSD
ACSD
ADSD
AESD
AFSD
AGSD
AHSD
AISD
AJRD
AJSD
AKRD
AKSD
ALRD
ALSD
AMRD
AMSD
ANRD
ANSD
AORD
AOSD
APRD
APSD
AQRD
AQSD
ARRD
ARSD
ASRD
ASSD
ATRD
ATSD
AURD
AUSD
AVRD
AWRD
AXRD
AYRD
AZRD
BASD
BBSD
BCSD
BDSD
BESD
BFSD
BGSD
BHSD
BISD
BJRD
BJSD
BKRD
BKSD
BLRD
BLSD
BMRD
BMSD
BNRD
BNSD
BORD
BOSD
BPRD
BPSD
BQRD
BQSD
BRRD
BRSD
BSRD
BSSD
BTRD
BTSD
BURD
BUSD
BVRD
BWRD
BXRD
BYRD
BZRD
CASD
CBSD
CCSD
CDSD
CESD
CFSD
CGSD
CHSD
CISD
CJRD
CJSD
CKRD
CKSD
CLRD
CLSD
CMRD
CMSD
CNRD
CNSD
CORD
COSD
CPRD
CPSD
CQRD
CQSD
CRRD
CRSD
CSRD
CSSD
CTRD
CTSD
CURD
CUSD
CVRD
CWRD
CXRD
CYRD
CZRD
DASD
DBSD
DCSD
DDSD
DESD
DFSD
DGSD
DHSD
DISD
DJRD
DJSD
DKRD
DKSD
DLRD
DLSD
DMRD
DMSD
DNRD
DNSD
DORD
DOSD
DPRD
DPSD
DQRD
DQSD
DRRD
DRSD
DSRD
DSSD
DTRD
DTSD
DURD
DUSD
DVRD
DWRD
DXRD
DYRD
DZRD
EASD
EBSD
ECSD
EDSD
EESD
EFSD
EGSD
EHSD
EISD
EJRD
EJSD
EKRD
EKSD
ELRD
ELSD
EMRD
EMSD
ENRD
ENSD
EORD
EOSD
EPRD
EPSD
EQRD
EQSD
ERRD
ERSD
ESRD
ESSD
ETRD
ETSD
EURD
EUSD
EVRD
EWRD
EXRD
EYRD
EZRD
FASD
FBSD
FCSD
FDSD
FESD
FFSD
FGSD
FHSD
FIRD
FISD
FJRD
FJSD
FKRD
FKSD
FLRD
FLSD
FMRD
FMSD
FNRD
FNSD
FORD
FOSD
FPRD
FPSD
FQRD
FQSD
FRRD
FRSD
FSRD
FSSD
FTRD
FTSD
FURD
FUSD
FVRD
FWRD
FXRD
FYRD
FZRD
GASD
GBSD
GCSD
GDSD
GESD
GFSD
GGSD
GHSD
GIRD
GISD
GJRD
GJSD
GKRD
GKSD
GLRD
GLSD
GMRD
GMSD
GNRD
GNSD
GORD
GOSD
GPRD
GPSD
GQRD
GQSD
GRRD
GRSD
GSRD
GSSD
GTRD
GTSD
GURD
GUSD
GVRD
GWRD
GXRD
GYRD
GZRD
HASD
HBSD
HCSD
HDSD
HESD
HFSD
HGSD
HHSD
HIRD
HISD
HJRD
HJSD
HKRD
HKSD
HLRD
HLSD
HMRD
HMSD
HNRD
HNSD
HORD
HOSD
HPRD
HPSD
HQRD
HQSD
HRRD
HRSD
HSRD
HSSD
HTRD
HTSD
HURD
HUSD
HVRD
HWRD
HXRD
HYRD
HZRD
IASD
IBSD
ICSD
IDSD
IESD
IFSD
IGSD
IHSD
IIRD
IISD
IJRD
IJSD
IKRD
IKSD
ILRD
ILSD
IMRD
IMSD
INRD
INSD
IORD
IOSD
IPRD
IPSD
IQRD
IQSD
IRRD
IRSD
ISRD
ISSD
ITRD
ITSD
IURD
IUSD
IVRD
IWRD
IXRD
IYRD
IZRD
JASD
JBSD
JCSD
JDSD
JESD
JFSD
JGSD
JHSD
JIRD
JISD
JJRD
JJSD
JKRD
JKSD
JLRD
JLSD
JMRD
JMSD
JNRD
JNSD
JORD
JOSD
JPRD
JPSD
JQRD
JQSD
JRRD
JRSD
JSRD
JSSD
JTRD
JTSD
JURD
JUSD
JVRD
JWRD
JXRD
JYRD
JZRD
KASD
KBSD
KCSD
KDSD
KESD
KFSD
KGSD
KHSD
KIRD
KISD
KJRD
KJSD
KKRD
KKSD
KLRD
KLSD
KMRD
KMSD
KNRD
KNSD
KORD
KOSD
KPRD
KPSD
KQRD
KQSD
KRRD
KRSD
KSRD
KSSD
KTRD
KTSD
KURD
KUSD
KVRD
KWRD
KXRD
KYRD
KZRD
LASD
LBSD
LCSD
LDSD
LESD
LFSD
LGSD
LHSD
LIRD
LISD
LJRD
LJSD
LKRD
LKSD
LLRD
LLSD
LMRD
LMSD
LNRD
LNSD
LORD
LOSD
LPRD
LPSD
LQRD
LQSD
LRRD
LRSD
LSRD
LSSD
LTRD
LTSD
LURD
LUSD
LVRD
LWRD
LXRD
LYRD
LZRD
MASD
MBSD
MCSD
MDSD
MESD
MFSD
MGSD
MHSD
MIRD
MISD
MJRD
MJSD
MKRD
MKSD
MLRD
MLSD
MMRD
MMSD
MNRD
MNSD
MORD
MOSD
MPRD
MPSD
MQRD
MQSD
MRRD
MRSD
MSRD
MSSD
MTRD
MTSD
MURD
MUSD
MVRD
MWRD
MXRD
MYRD
MZRD
NASD
NBSD
NCSD
NDSD
NESD
NFSD
NGSD
NHSD
NIRD
NISD
NJRD
NJSD
NKRD
NKSD
NLRD
NLSD
NMRD
NMSD
NNRD
NNSD
NORD
NOSD
NPRD
NPSD
NQRD
NQSD
NRRD
NRSD
NSRD
NSSD
NTRD
NTSD
NURD
NUSD
NVRD
NWRD
NXRD
NYRD
NZRD
OASD
OBSD
OCSD
ODSD
OESD
OFSD
OGSD
OHSD
OIRD
OISD
OJRD
OJSD
OKRD
OKSD
OLRD
OLSD
OMRD
OMSD
ONRD
ONSD
OORD
OOSD
OPRD
OPSD
OQRD
OQSD
ORRD
ORSD
OSRD
OSSD
OTRD
OTSD
OURD
OUSD
OVRD
OWRD
OXRD
OYRD
OZRD
PASD
PBSD
PCSD
PDSD
PESD
PFSD
PGSD
PHSD
PIRD
PISD
PJRD
PJSD
PKRD
PKSD
PLRD
PLSD
PMRD
PMSD
PNRD
PNSD
PORD
POSD
PPRD
PPSD
PQRD
PQSD
PRRD
PRSD
PSRD
PSSD
PTRD
PTSD
PURD
PUSD
PVRD
PWRD
PXRD
PYRD
PZRD
QASD
QBSD
QCSD
QDSD
QESD
QFSD
QGSD
QHSD
QIRD
QISD
QJRD
QJSD
QKRD
QKSD
QLRD
QLSD
QMRD
QMSD
QNRD
QNSD
QORD
QOSD
QPRD
QPSD
QQRD
QQSD
QRRD
QRSD
QSRD
QSSD
QTRD
QTSD
QURD
QUSD
QVRD
QWRD
QXRD
QYRD
QZRD
RASD
RBSD
RCSD
RDSD
RESD
RFSD
RGSD
RHSD
RIRD
RISD
RJRD
RJSD
RKRD
RKSD
RLRD
RLSD
RMRD
RMSD
RNRD
RNSD
RORD
ROSD
RPRD
RPSD
RQRD
RQSD
RRRD
RRSD
RSRD
RSSD
RTRD
RTSD
RURD
RVRD
RWRD
RXRD
RYRD
RZRD
SASD
SBSD
SCSD
SDSD
SESD
SFSD
SGSD
SHSD
SIRD
SISD
SJRD
SJSD
SKRD
SKSD
SLRD
SLSD
SMRD
SMSD
SNRD
SNSD
SORD
SOSD
SPRD
SPSD
SQRD
SQSD
SRRD
SRSD
SSRD
SSSD
STRD
STSD
SURD
SVRD
SWRD
SXRD
SYRD
SZRD
TASD
TBSD
TCSD
TDSD
TESD
TFSD
TGSD
THSD
TIRD
TISD
TJRD
TJSD
TKRD
TKSD
TLRD
TLSD
TMRD
TMSD
TNRD
TNSD
TORD
TOSD
TPRD
TPSD
TQRD
TQSD
TRRD
TRSD
TSRD
TSSD
TTRD
TTSD
TURD
TVRD
TWRD
TXRD
TYRD
TZRD
UASD
UBSD
UCSD
UDSD
UESD
UFSD
UGSD
UHSD
UIRD
UISD
UJRD
UJSD
UKRD
UKSD
ULRD
ULSD
UMRD
UMSD
UNRD
UNSD
UORD
UOSD
UPRD
UPSD
UQRD
UQSD
URRD
URSD
USRD
USSD
UTRD
UTSD
UURD
UVRD
UWRD
UXRD
UYRD
UZRD
VASD
VBSD
VCSD
VDSD
VESD
VFSD
VGSD
VHSD
VIRD
VISD
VJRD
VJSD
VKRD
VKSD
VLRD
VLSD
VMRD
VMSD
VNRD
VNSD
VORD
VOSD
VPRD
VPSD
VQRD
VQSD
VRRD
VRSD
VSRD
VSSD
VTRD
VTSD
VURD
VVRD
VWRD
VXRD
VYRD
VZRD
WASD
WBSD
WCSD
WDSD
WESD
WFSD
WGSD
WHSD
WIRD
WISD
WJRD
WJSD
WKRD
WKSD
WLRD
WLSD
WMRD
WMSD
WNRD
WNSD
WORD
WOSD
WPRD
WPSD
WQRD
WQSD
WRRD
WRSD
WSRD
WSSD
WTRD
WTSD
WURD
WVRD
WWRD
WXRD
WYRD
WZRD
XASD
XBSD
XCSD
XDSD
XESD
XFSD
XGSD
XHSD
XIRD
XISD
XJRD
XJSD
XKRD
XKSD
XLRD
XLSD
XMRD
XMSD
XNRD
XNSD
XORD
XOSD
XPRD
XPSD
XQRD
XQSD
XRRD
XRSD
XSRD
XSSD
XTRD
XTSD
XURD
XVRD
XWRD
XXRD
XYRD
XZRD
YASD
YBSD
YCSD
YDSD
YESD
YFSD
YGSD
YHSD
YIRD
YISD
YJRD
YJSD
YKRD
YKSD
YLRD
YLSD
YMRD
YMSD
YNRD
YNSD
YORD
YOSD
YPRD
YPSD
YQRD
YQSD
YRRD
YRSD
YSRD
YSSD
YTRD
YTSD
YURD
YVRD
YWRD
YXRD
YYRD
YZRD
ZASD
ZBSD
ZCSD
ZDSD
ZESD
ZFSD
ZGSD
ZHSD
ZIRD
ZISD
ZJRD
ZJSD
ZKRD
ZKSD
ZLRD
ZLSD
ZMRD
ZMSD
ZNRD
ZNSD
ZORD
ZOSD
ZPRD
ZPSD
ZQRD
ZQSD
ZRRD
ZRSD
ZSRD
ZSSD
ZTRD
ZTSD
ZURD
ZVRD
ZWRD
ZXRD
ZYRD
ZZRD
